#
# There is insufficient memory for the Java Runtime Environment to continue.
# Native memory allocation (malloc) failed to allocate 548816 bytes for Chunk::new
# Possible reasons:
#   The system is out of physical RAM or swap space
#   The process is running with CompressedOops enabled, and the Java Heap may be blocking the growth of the native heap
# Possible solutions:
#   Reduce memory load on the system
#   Increase physical memory or swap space
#   Check if swap backing store is full
#   Decrease Java heap size (-Xmx/-Xms)
#   Decrease number of Java threads
#   Decrease Java thread stack sizes (-Xss)
#   Set larger code cache with -XX:ReservedCodeCacheSize=
#   JVM is running with Unscaled Compressed Oops mode in which the Java heap is
#     placed in the first 4GB address space. The Java Heap base address is the
#     maximum limit for the native heap growth. Please use -XX:HeapBaseMinAddress
#     to set the Java Heap base and to place the Java Heap above 4GB virtual address.
# This output file may be truncated or incomplete.
#
#  Out of Memory Error (arena.cpp:195), pid=7940, tid=7952
#
# JRE version: Java(TM) SE Runtime Environment (16.0.1+9) (build 16.0.1+9-24)
# Java VM: Java HotSpot(TM) 64-Bit Server VM (16.0.1+9-24, mixed mode, sharing, tiered, compressed oops, compressed class ptrs, g1 gc, windows-amd64)
# No core dump will be written. Minidumps are not enabled by default on client versions of Windows
#

---------------  S U M M A R Y ------------

Command Line: -Dclassworlds.conf=C:\Users\Cristiane\Desktop\NetBeans-12.2\netbeans\java\maven\bin\..\bin\m2.conf -Dmaven.home=C:\Users\Cristiane\Desktop\NetBeans-12.2\netbeans\java\maven\bin\.. -Dlibrary.jansi.path=C:\Users\Cristiane\Desktop\NetBeans-12.2\netbeans\java\maven\bin\..\lib\jansi-native -Dmaven.multiModuleProjectDirectory=C:\Users\Cristiane\Desktop\exe-main\Project org.codehaus.plexus.classworlds.launcher.Launcher -Dexec.args=-classpath %classpath View.FormLogin -Dexec.executable=C:\Program Files\Java\jdk-16.0.1\bin\java.exe -Dexec.classpathScope=runtime -Dmaven.ext.class.path=C:\Users\Cristiane\Desktop\NetBeans-12.2\netbeans\java\maven-nblib\netbeans-eventspy.jar -Dfile.encoding=UTF-8 org.codehaus.mojo:exec-maven-plugin:3.0.0:exec

Host: Intel(R) Atom(TM) x5-Z8300  CPU @ 1.44GHz, 4 cores, 1G,  Windows 10 , 64 bit Build 10240 (10.0.10240.17113)
Time: Sun Nov 14 12:08:46 2021 Hora oficial do Brasil elapsed time: 6.359244 seconds (0d 0h 0m 6s)

---------------  T H R E A D  ---------------

Current thread (0x00000028fdf8a790):  JavaThread "C2 CompilerThread0" daemon [_thread_in_native, id=7952, stack(0x00000028ff100000,0x00000028ff200000)]


Current CompileTask:
C2:   6359 1787   !   4       java.net.URL::<init> (543 bytes)

Stack: [0x00000028ff100000,0x00000028ff200000]
Native frames: (J=compiled Java code, j=interpreted, Vv=VM code, C=native code)
V  [jvm.dll+0x6687ca]
V  [jvm.dll+0x7ca3c9]
V  [jvm.dll+0x7cbb53]
V  [jvm.dll+0x7cc1b3]
V  [jvm.dll+0x242ea5]
V  [jvm.dll+0xadeca]
V  [jvm.dll+0xae5ac]
V  [jvm.dll+0x2a52cf]
V  [jvm.dll+0x574359]
V  [jvm.dll+0x21e6de]
V  [jvm.dll+0x2179af]
V  [jvm.dll+0x21524c]
V  [jvm.dll+0x1a1d9b]
V  [jvm.dll+0x2253a8]
V  [jvm.dll+0x2233ec]
V  [jvm.dll+0x780002]
V  [jvm.dll+0x779b4a]
V  [jvm.dll+0x667666]
C  [ucrtbase.dll+0x6829d]
C  [KERNEL32.DLL+0x12d92]
C  [ntdll.dll+0x9f64]


---------------  P R O C E S S  ---------------

Threads class SMR info:
_java_thread_list=0x00000028ff411de0, length=12, elements={
0x00000028e3e09410, 0x00000028e3ee2e60, 0x00000028e3ee4c40, 0x00000028fdf88020,
0x00000028fdf88930, 0x00000028fdf89240, 0x00000028fdf89b50, 0x00000028fdf8a790,
0x00000028fdf8d0f0, 0x00000028fe013730, 0x00000028ff4311b0, 0x00000028ff43a200
}

Java Threads: ( => current thread )
  0x00000028e3e09410 JavaThread "main" [_thread_in_native, id=6192, stack(0x00000028e34f0000,0x00000028e35f0000)]
  0x00000028e3ee2e60 JavaThread "Reference Handler" daemon [_thread_blocked, id=6108, stack(0x00000028fe1a0000,0x00000028fe2a0000)]
  0x00000028e3ee4c40 JavaThread "Finalizer" daemon [_thread_blocked, id=5272, stack(0x00000028fe2a0000,0x00000028fe3a0000)]
  0x00000028fdf88020 JavaThread "Signal Dispatcher" daemon [_thread_blocked, id=6336, stack(0x00000028fed00000,0x00000028fee00000)]
  0x00000028fdf88930 JavaThread "Attach Listener" daemon [_thread_blocked, id=892, stack(0x00000028fee00000,0x00000028fef00000)]
  0x00000028fdf89240 JavaThread "Service Thread" daemon [_thread_blocked, id=5456, stack(0x00000028fef00000,0x00000028ff000000)]
  0x00000028fdf89b50 JavaThread "Monitor Deflation Thread" daemon [_thread_blocked, id=2904, stack(0x00000028ff000000,0x00000028ff100000)]
=>0x00000028fdf8a790 JavaThread "C2 CompilerThread0" daemon [_thread_in_native, id=7952, stack(0x00000028ff100000,0x00000028ff200000)]
  0x00000028fdf8d0f0 JavaThread "C1 CompilerThread0" daemon [_thread_blocked, id=6556, stack(0x00000028ff200000,0x00000028ff300000)]
  0x00000028fe013730 JavaThread "Sweeper thread" daemon [_thread_blocked, id=748, stack(0x00000028ff300000,0x00000028ff400000)]
  0x00000028ff4311b0 JavaThread "Notification Thread" daemon [_thread_blocked, id=6788, stack(0x00000028ff800000,0x00000028ff900000)]
  0x00000028ff43a200 JavaThread "Common-Cleaner" daemon [_thread_blocked, id=1244, stack(0x00000028ffa00000,0x00000028ffb00000)]

Other Threads:
  0x00000028e3ede230 VMThread "VM Thread" [stack: 0x00000028fe0a0000,0x00000028fe1a0000] [id=5656]
  0x00000028ff439f10 WatcherThread [stack: 0x00000028ff900000,0x00000028ffa00000] [id=4404]
  0x00000028e3e2f190 GCTaskThread "GC Thread#0" [stack: 0x00000028fb560000,0x00000028fb660000] [id=1976]
  0x00000028803701d0 GCTaskThread "GC Thread#1" [stack: 0x00000028ffd00000,0x00000028ffe00000] [id=2008]
  0x00000028803a57f0 GCTaskThread "GC Thread#2" [stack: 0x00000028ffe00000,0x00000028fff00000] [id=4416]
  0x00000028803a5b00 GCTaskThread "GC Thread#3" [stack: 0x00000028fff00000,0x0000002900000000] [id=6392]
  0x00000028e3e33d20 ConcurrentGCThread "G1 Main Marker" [stack: 0x00000028fb660000,0x00000028fb760000] [id=8136]
  0x00000028e3e35730 ConcurrentGCThread "G1 Conc#0" [stack: 0x00000028fb760000,0x00000028fb860000] [id=6008]
  0x00000028e3e64bb0 ConcurrentGCThread "G1 Refine#0" [stack: 0x00000028fdca0000,0x00000028fdda0000] [id=5632]
  0x00000028e3e655c0 ConcurrentGCThread "G1 Service" [stack: 0x00000028fdda0000,0x00000028fdea0000] [id=5828]

Threads with active compile tasks:
C2 CompilerThread0     6675 1787   !   4       java.net.URL::<init> (543 bytes)

VM state: not at safepoint (normal execution)

VM Mutex/Monitor currently owned by a thread: None

Heap address: 0x00000000e2600000, size: 474 MB, Compressed Oops mode: 32-bit

CDS archive(s) mapped at: [0x0000000800000000-0x0000000800bb0000-0x0000000800bb0000), size 12255232, SharedBaseAddress: 0x0000000800000000, ArchiveRelocationMode: 0.
Compressed class space mapped at: 0x0000000800c00000-0x0000000840c00000, reserved size: 1073741824
Narrow klass base: 0x0000000800000000, Narrow klass shift: 3, Narrow klass range: 0x100000000

GC Precious Log:
 CPUs: 4 total, 4 available
 Memory: 1892M
 Large Page Support: Disabled
 NUMA Support: Disabled
 Compressed Oops: Enabled (32-bit)
 Heap Region Size: 1M
 Heap Min Capacity: 8M
 Heap Initial Capacity: 30M
 Heap Max Capacity: 474M
 Pre-touch: Disabled
 Parallel Workers: 4
 Concurrent Workers: 1
 Concurrent Refinement Workers: 4
 Periodic GC: Disabled

Heap:
 garbage-first heap   total 30720K, used 15242K [0x00000000e2600000, 0x0000000100000000)
  region size 1024K, 13 young (13312K), 2 survivors (2048K)
 Metaspace       used 11009K, committed 11200K, reserved 1064960K
  class space    used 1301K, committed 1408K, reserved 1048576K

Heap Regions: E=young(eden), S=young(survivor), O=old, HS=humongous(starts), HC=humongous(continues), CS=collection set, F=free, OA=open archive, CA=closed archive, TAMS=top-at-mark-start (previous, next)
|   0|0x00000000e2600000, 0x00000000e2700000, 0x00000000e2700000|100%| O|  |TAMS 0x00000000e2600000, 0x00000000e2600000| Untracked 
|   1|0x00000000e2700000, 0x00000000e2800000, 0x00000000e2800000|100%| O|  |TAMS 0x00000000e2700000, 0x00000000e2700000| Untracked 
|   2|0x00000000e2800000, 0x00000000e2900000, 0x00000000e2900000|100%| O|  |TAMS 0x00000000e2800000, 0x00000000e2800000| Untracked 
|   3|0x00000000e2900000, 0x00000000e2919000, 0x00000000e2a00000|  9%| O|  |TAMS 0x00000000e2900000, 0x00000000e2900000| Untracked 
|   4|0x00000000e2a00000, 0x00000000e2a00000, 0x00000000e2b00000|  0%| F|  |TAMS 0x00000000e2a00000, 0x00000000e2a00000| Untracked 
|   5|0x00000000e2b00000, 0x00000000e2b00000, 0x00000000e2c00000|  0%| F|  |TAMS 0x00000000e2b00000, 0x00000000e2b00000| Untracked 
|   6|0x00000000e2c00000, 0x00000000e2c00000, 0x00000000e2d00000|  0%| F|  |TAMS 0x00000000e2c00000, 0x00000000e2c00000| Untracked 
|   7|0x00000000e2d00000, 0x00000000e2d00000, 0x00000000e2e00000|  0%| F|  |TAMS 0x00000000e2d00000, 0x00000000e2d00000| Untracked 
|   8|0x00000000e2e00000, 0x00000000e2e00000, 0x00000000e2f00000|  0%| F|  |TAMS 0x00000000e2e00000, 0x00000000e2e00000| Untracked 
|   9|0x00000000e2f00000, 0x00000000e2f00000, 0x00000000e3000000|  0%| F|  |TAMS 0x00000000e2f00000, 0x00000000e2f00000| Untracked 
|  10|0x00000000e3000000, 0x00000000e3000000, 0x00000000e3100000|  0%| F|  |TAMS 0x00000000e3000000, 0x00000000e3000000| Untracked 
|  11|0x00000000e3100000, 0x00000000e3100000, 0x00000000e3200000|  0%| F|  |TAMS 0x00000000e3100000, 0x00000000e3100000| Untracked 
|  12|0x00000000e3200000, 0x00000000e3200000, 0x00000000e3300000|  0%| F|  |TAMS 0x00000000e3200000, 0x00000000e3200000| Untracked 
|  13|0x00000000e3300000, 0x00000000e33c9900, 0x00000000e3400000| 78%| S|CS|TAMS 0x00000000e3300000, 0x00000000e3300000| Complete 
|  14|0x00000000e3400000, 0x00000000e3500000, 0x00000000e3500000|100%| S|CS|TAMS 0x00000000e3400000, 0x00000000e3400000| Complete 
|  15|0x00000000e3500000, 0x00000000e3500000, 0x00000000e3600000|  0%| F|  |TAMS 0x00000000e3500000, 0x00000000e3500000| Untracked 
|  16|0x00000000e3600000, 0x00000000e3600000, 0x00000000e3700000|  0%| F|  |TAMS 0x00000000e3600000, 0x00000000e3600000| Untracked 
|  17|0x00000000e3700000, 0x00000000e3700000, 0x00000000e3800000|  0%| F|  |TAMS 0x00000000e3700000, 0x00000000e3700000| Untracked 
|  18|0x00000000e3800000, 0x00000000e3800000, 0x00000000e3900000|  0%| F|  |TAMS 0x00000000e3800000, 0x00000000e3800000| Untracked 
|  19|0x00000000e3900000, 0x00000000e3a00000, 0x00000000e3a00000|100%| E|  |TAMS 0x00000000e3900000, 0x00000000e3900000| Complete 
|  20|0x00000000e3a00000, 0x00000000e3b00000, 0x00000000e3b00000|100%| E|CS|TAMS 0x00000000e3a00000, 0x00000000e3a00000| Complete 
|  21|0x00000000e3b00000, 0x00000000e3c00000, 0x00000000e3c00000|100%| E|CS|TAMS 0x00000000e3b00000, 0x00000000e3b00000| Complete 
|  22|0x00000000e3c00000, 0x00000000e3d00000, 0x00000000e3d00000|100%| E|CS|TAMS 0x00000000e3c00000, 0x00000000e3c00000| Complete 
|  23|0x00000000e3d00000, 0x00000000e3e00000, 0x00000000e3e00000|100%| E|CS|TAMS 0x00000000e3d00000, 0x00000000e3d00000| Complete 
|  24|0x00000000e3e00000, 0x00000000e3f00000, 0x00000000e3f00000|100%| E|CS|TAMS 0x00000000e3e00000, 0x00000000e3e00000| Complete 
|  25|0x00000000e3f00000, 0x00000000e4000000, 0x00000000e4000000|100%| E|CS|TAMS 0x00000000e3f00000, 0x00000000e3f00000| Complete 
|  26|0x00000000e4000000, 0x00000000e4100000, 0x00000000e4100000|100%| E|CS|TAMS 0x00000000e4000000, 0x00000000e4000000| Complete 
|  27|0x00000000e4100000, 0x00000000e4200000, 0x00000000e4200000|100%| E|CS|TAMS 0x00000000e4100000, 0x00000000e4100000| Complete 
|  28|0x00000000e4200000, 0x00000000e4300000, 0x00000000e4300000|100%| E|CS|TAMS 0x00000000e4200000, 0x00000000e4200000| Complete 
|  29|0x00000000e4300000, 0x00000000e4400000, 0x00000000e4400000|100%| E|CS|TAMS 0x00000000e4300000, 0x00000000e4300000| Complete 

Card table byte_map: [0x00000028e3d00000,0x00000028e3df0000] _byte_map_base: 0x00000028e35ed000

Marking Bits (Prev, Next): (CMBitMap*) 0x00000028e3e2f790, (CMBitMap*) 0x00000028e3e2f7d0
 Prev Bits: [0x00000028fa680000, 0x00000028fade8000)
 Next Bits: [0x00000028fadf0000, 0x00000028fb558000)

Polling page: 0x00000028e1c70000

Metaspace:

Usage:
  Non-class:      9.49 MB used.
      Class:      1.27 MB used.
       Both:     10.76 MB used.

Virtual space:
  Non-class space:       16.00 MB reserved,       9.56 MB ( 60%) committed,  2 nodes.
      Class space:        1.00 GB reserved,       1.38 MB ( <1%) committed,  1 nodes.
              Both:        1.02 GB reserved,      10.94 MB (  1%) committed. 

Chunk freelists:
   Non-Class:  1.03 MB
       Class:  2.66 MB
        Both:  3.69 MB

MaxMetaspaceSize: 17179869184.00 GB
CompressedClassSpaceSize: 1.00 GB
 - commit_granule_bytes: 65536.
 - commit_granule_words: 8192.
 - virtual_space_node_default_size: 1048576.
 - enlarge_chunks_in_place: 1.
 - new_chunks_are_fully_committed: 0.
 - uncommit_free_chunks: 1.
 - use_allocation_guard: 0.
 - handle_deallocations: 1.


Internal statistics:

num_allocs_failed_limit: 0.
num_arena_births: 58.
num_arena_deaths: 0.
num_vsnodes_births: 3.
num_vsnodes_deaths: 0.
num_space_committed: 175.
num_space_uncommitted: 0.
num_chunks_returned_to_freelist: 0.
num_chunks_taken_from_freelist: 429.
num_chunk_merges: 0.
num_chunk_splits: 312.
num_chunks_enlarged: 242.
num_purges: 0.

CodeHeap 'non-profiled nmethods': size=120000Kb used=633Kb max_used=633Kb free=119366Kb
 bounds [0x00000028f3060000, 0x00000028f32d0000, 0x00000028fa590000]
CodeHeap 'profiled nmethods': size=120000Kb used=3987Kb max_used=3987Kb free=116013Kb
 bounds [0x00000028ebb30000, 0x00000028ebf20000, 0x00000028f3060000]
CodeHeap 'non-nmethods': size=5760Kb used=1171Kb max_used=1184Kb free=4588Kb
 bounds [0x00000028eb590000, 0x00000028eb800000, 0x00000028ebb30000]
 total_blobs=2464 nmethods=2003 adapters=374
 compilation: enabled
              stopped_count=0, restarted_count=0
 full_count=0

Compilation events (20 events):
Event: 6.300 Thread 0x00000028fdf8d0f0 nmethod 1897 0x00000028f30fb310 code [0x00000028f30fb4a0, 0x00000028f30fb578]
Event: 6.308 Thread 0x00000028fdf8d0f0 1899       3       java.lang.StringLatin1::toUpperCase (186 bytes)
Event: 6.311 Thread 0x00000028fdf8d0f0 nmethod 1899 0x00000028ebec6a10 code [0x00000028ebec6ca0, 0x00000028ebec77f8]
Event: 6.311 Thread 0x00000028fdf8d0f0 1900       3       java.util.Locale::getLanguage (8 bytes)
Event: 6.311 Thread 0x00000028fdf8d0f0 nmethod 1900 0x00000028ebec7c10 code [0x00000028ebec7da0, 0x00000028ebec7ed8]
Event: 6.312 Thread 0x00000028fdf8d0f0 1901       1       sun.security.util.KnownOIDs::registerNames (2 bytes)
Event: 6.312 Thread 0x00000028fdf8d0f0 nmethod 1901 0x00000028f30fb610 code [0x00000028f30fb7a0, 0x00000028f30fb878]
Event: 6.312 Thread 0x00000028fdf8d0f0 1902       3       java.lang.String::toUpperCase (29 bytes)
Event: 6.313 Thread 0x00000028fdf8d0f0 nmethod 1902 0x00000028ebec7f90 code [0x00000028ebec8160, 0x00000028ebec8418]
Event: 6.314 Thread 0x00000028fdf8d0f0 1903       3       java.util.Objects::nonNull (10 bytes)
Event: 6.314 Thread 0x00000028fdf8d0f0 nmethod 1903 0x00000028ebec8510 code [0x00000028ebec86a0, 0x00000028ebec87f8]
Event: 6.314 Thread 0x00000028fdf8d0f0 1904       3       sun.security.util.KnownOIDs::register (349 bytes)
Event: 6.330 Thread 0x00000028fdf8d0f0 nmethod 1904 0x00000028ebec8890 code [0x00000028ebec91a0, 0x00000028ebecd998]
Event: 6.330 Thread 0x00000028fdf8d0f0 1905  s    3       java.util.Properties::put (10 bytes)
Event: 6.331 Thread 0x00000028fdf8d0f0 nmethod 1905 0x00000028ebecf210 code [0x00000028ebecf3c0, 0x00000028ebecf628]
Event: 6.331 Thread 0x00000028fdf8d0f0 1908       3       java.lang.invoke.MemberName::isStatic (8 bytes)
Event: 6.331 Thread 0x00000028fdf8d0f0 nmethod 1908 0x00000028ebecf710 code [0x00000028ebecf8c0, 0x00000028ebecfa98]
Event: 6.331 Thread 0x00000028fdf8d0f0 1906       3       java.util.Collections$EmptyMap::entrySet (4 bytes)
Event: 6.332 Thread 0x00000028fdf8d0f0 nmethod 1906 0x00000028ebecfb90 code [0x00000028ebecfd40, 0x00000028ebecfeb8]
Event: 6.332 Thread 0x00000028fdf8d0f0 1910       3       java.lang.invoke.MemberName::getMethodOrFieldType (72 bytes)

GC Heap History (8 events):
Event: 2.274 GC heap before
{Heap before GC invocations=0 (full 0):
 garbage-first heap   total 30720K, used 12288K [0x00000000e2600000, 0x0000000100000000)
  region size 1024K, 13 young (13312K), 0 survivors (0K)
 Metaspace       used 3527K, committed 3712K, reserved 1056768K
  class space    used 347K, committed 448K, reserved 1048576K
}
Event: 2.291 GC heap after
{Heap after GC invocations=1 (full 0):
 garbage-first heap   total 30720K, used 3133K [0x00000000e2600000, 0x0000000100000000)
  region size 1024K, 2 young (2048K), 2 survivors (2048K)
 Metaspace       used 3527K, committed 3712K, reserved 1056768K
  class space    used 347K, committed 448K, reserved 1048576K
}
Event: 3.136 GC heap before
{Heap before GC invocations=1 (full 0):
 garbage-first heap   total 30720K, used 14397K [0x00000000e2600000, 0x0000000100000000)
  region size 1024K, 13 young (13312K), 2 survivors (2048K)
 Metaspace       used 4980K, committed 5120K, reserved 1056768K
  class space    used 559K, committed 640K, reserved 1048576K
}
Event: 3.147 GC heap after
{Heap after GC invocations=2 (full 0):
 garbage-first heap   total 30720K, used 3859K [0x00000000e2600000, 0x0000000100000000)
  region size 1024K, 1 young (1024K), 1 survivors (1024K)
 Metaspace       used 4980K, committed 5120K, reserved 1056768K
  class space    used 559K, committed 640K, reserved 1048576K
}
Event: 4.182 GC heap before
{Heap before GC invocations=2 (full 0):
 garbage-first heap   total 30720K, used 15123K [0x00000000e2600000, 0x0000000100000000)
  region size 1024K, 13 young (13312K), 1 survivors (1024K)
 Metaspace       used 6279K, committed 6400K, reserved 1056768K
  class space    used 708K, committed 768K, reserved 1048576K
}
Event: 4.189 GC heap after
{Heap after GC invocations=3 (full 0):
 garbage-first heap   total 30720K, used 4109K [0x00000000e2600000, 0x0000000100000000)
  region size 1024K, 1 young (1024K), 1 survivors (1024K)
 Metaspace       used 6279K, committed 6400K, reserved 1056768K
  class space    used 708K, committed 768K, reserved 1048576K
}
Event: 5.452 GC heap before
{Heap before GC invocations=3 (full 0):
 garbage-first heap   total 30720K, used 18445K [0x00000000e2600000, 0x0000000100000000)
  region size 1024K, 15 young (15360K), 1 survivors (1024K)
 Metaspace       used 8968K, committed 9152K, reserved 1064960K
  class space    used 1056K, committed 1152K, reserved 1048576K
}
Event: 5.464 GC heap after
{Heap after GC invocations=4 (full 0):
 garbage-first heap   total 30720K, used 5002K [0x00000000e2600000, 0x0000000100000000)
  region size 1024K, 2 young (2048K), 2 survivors (2048K)
 Metaspace       used 8968K, committed 9152K, reserved 1064960K
  class space    used 1056K, committed 1152K, reserved 1048576K
}

Deoptimization events (20 events):
Event: 3.541 Thread 0x00000028e3e09410 Uncommon trap: trap_request=0xffffffde fr.pc=0x00000028f30b9030 relative=0x0000000000000110
Event: 3.541 Thread 0x00000028e3e09410 Uncommon trap: reason=class_check action=maybe_recompile pc=0x00000028f30b9030 method=jdk.internal.misc.Unsafe.allocateUninitializedArray(Ljava/lang/Class;I)Ljava/lang/Object; @ 51 c2
Event: 3.541 Thread 0x00000028e3e09410 DEOPT PACKING pc=0x00000028f30b9030 sp=0x00000028e35ed540
Event: 3.541 Thread 0x00000028e3e09410 DEOPT UNPACKING pc=0x00000028eb5dd728 sp=0x00000028e35ed4c8 mode 2
Event: 3.541 Thread 0x00000028e3e09410 Uncommon trap: trap_request=0xffffffde fr.pc=0x00000028f30b9030 relative=0x0000000000000110
Event: 3.541 Thread 0x00000028e3e09410 Uncommon trap: reason=class_check action=maybe_recompile pc=0x00000028f30b9030 method=jdk.internal.misc.Unsafe.allocateUninitializedArray(Ljava/lang/Class;I)Ljava/lang/Object; @ 51 c2
Event: 3.541 Thread 0x00000028e3e09410 DEOPT PACKING pc=0x00000028f30b9030 sp=0x00000028e35ed5c0
Event: 3.541 Thread 0x00000028e3e09410 DEOPT UNPACKING pc=0x00000028eb5dd728 sp=0x00000028e35ed548 mode 2
Event: 3.542 Thread 0x00000028e3e09410 Uncommon trap: trap_request=0xffffffde fr.pc=0x00000028f30b9030 relative=0x0000000000000110
Event: 3.542 Thread 0x00000028e3e09410 Uncommon trap: reason=class_check action=maybe_recompile pc=0x00000028f30b9030 method=jdk.internal.misc.Unsafe.allocateUninitializedArray(Ljava/lang/Class;I)Ljava/lang/Object; @ 51 c2
Event: 3.542 Thread 0x00000028e3e09410 DEOPT PACKING pc=0x00000028f30b9030 sp=0x00000028e35ed290
Event: 3.542 Thread 0x00000028e3e09410 DEOPT UNPACKING pc=0x00000028eb5dd728 sp=0x00000028e35ed218 mode 2
Event: 3.799 Thread 0x00000028e3e09410 Uncommon trap: trap_request=0xffffff45 fr.pc=0x00000028f30c048c relative=0x000000000000044c
Event: 3.799 Thread 0x00000028e3e09410 Uncommon trap: reason=unstable_if action=reinterpret pc=0x00000028f30c048c method=java.lang.String.<init>([CIILjava/lang/Void;)V @ 5 c2
Event: 3.800 Thread 0x00000028e3e09410 DEOPT PACKING pc=0x00000028f30c048c sp=0x00000028e35eda20
Event: 3.800 Thread 0x00000028e3e09410 DEOPT UNPACKING pc=0x00000028eb5dd728 sp=0x00000028e35ed8b8 mode 2
Event: 6.283 Thread 0x00000028e3e09410 Uncommon trap: trap_request=0xffffff45 fr.pc=0x00000028f307db5c relative=0x00000000000001bc
Event: 6.283 Thread 0x00000028e3e09410 Uncommon trap: reason=unstable_if action=reinterpret pc=0x00000028f307db5c method=java.lang.String.startsWith(Ljava/lang/String;I)Z @ 1 c2
Event: 6.283 Thread 0x00000028e3e09410 DEOPT PACKING pc=0x00000028f307db5c sp=0x00000028e35e6f60
Event: 6.283 Thread 0x00000028e3e09410 DEOPT UNPACKING pc=0x00000028eb5dd728 sp=0x00000028e35e6ec8 mode 2

Classes unloaded (0 events):
No events

Classes redefined (0 events):
No events

Internal exceptions (5 events):
Event: 1.876 Thread 0x00000028e3e09410 Exception <a 'java/lang/NoSuchMethodError'{0x00000000e3abc120}: 'void java.lang.invoke.DirectMethodHandle$Holder.invokeSpecial(java.lang.Object, java.lang.Object, java.lang.Object)'> (0x00000000e3abc120) 
thrown [t:\workspace\open\src\hotspot\share\interpreter\linkResolver.cpp, line 790]
Event: 2.559 Thread 0x00000028e3e09410 Exception <a 'java/lang/NoSuchMethodError'{0x00000000e4140978}: 'java.lang.Object java.lang.invoke.DirectMethodHandle$Holder.newInvokeSpecial(java.lang.Object, java.lang.Object, java.lang.Object, java.lang.Object, java.lang.Object)'> (0x00000000e4140978) 
thrown [t:\workspace\open\src\hotspot\share\interpreter\linkResolver.cpp, line 790]
Event: 6.033 Thread 0x00000028e3e09410 Exception <a 'java/lang/NoClassDefFoundError'{0x00000000e3e98dc8}: com/google/inject/servlet/ServletModuleTargetVisitor> (0x00000000e3e98dc8) 
thrown [t:\workspace\open\src\hotspot\share\classfile\systemDictionary.cpp, line 245]
Event: 6.034 Thread 0x00000028e3e09410 Exception <a 'java/lang/NoClassDefFoundError'{0x00000000e3e9ad10}: javax/annotation/Priority> (0x00000000e3e9ad10) 
thrown [t:\workspace\open\src\hotspot\share\classfile\systemDictionary.cpp, line 245]
Event: 6.331 Thread 0x00000028e3e09410 Exception <a 'java/lang/NoSuchMethodError'{0x00000000e3cfee10}: 'java.lang.Object java.lang.invoke.DirectMethodHandle$Holder.invokeStatic(java.lang.Object)'> (0x00000000e3cfee10) 
thrown [t:\workspace\open\src\hotspot\share\interpreter\linkResolver.cpp, line 790]

Events (20 events):
Event: 6.323 loading class java/security/MessageDigest$Delegate done
Event: 6.323 loading class java/security/MessageDigest$Delegate$CloneableDelegate
Event: 6.324 loading class java/security/MessageDigest$Delegate$CloneableDelegate done
Event: 6.324 loading class java/security/SecureRandom
Event: 6.326 loading class java/security/SecureRandom done
Event: 6.327 loading class java/security/SecureRandomParameters
Event: 6.327 loading class java/security/SecureRandomParameters done
Event: 6.327 loading class sun/security/provider/DRBG
Event: 6.328 loading class java/security/SecureRandomSpi
Event: 6.328 loading class java/security/SecureRandomSpi done
Event: 6.328 loading class sun/security/provider/DRBG done
Event: 6.333 loading class java/security/DrbgParameters$Capability
Event: 6.334 loading class java/security/DrbgParameters$Capability done
Event: 6.334 loading class sun/security/provider/MoreDrbgParameters
Event: 6.334 loading class sun/security/provider/MoreDrbgParameters done
Event: 6.334 loading class java/security/DrbgParameters
Event: 6.334 loading class java/security/DrbgParameters done
Event: 6.334 loading class java/security/DrbgParameters$Instantiation
Event: 6.334 loading class java/security/DrbgParameters$Instantiation done
Event: 6.335 loading class sun/security/provider/HashDrbg


Dynamic libraries:
0x00007ff7aec70000 - 0x00007ff7aec80000 	C:\Program Files\Java\jdk-16.0.1\bin\java.exe
0x00007ff8ffd70000 - 0x00007ff8fff32000 	C:\Windows\SYSTEM32\ntdll.dll
0x00007ff8ff220000 - 0x00007ff8ff2cd000 	C:\Windows\system32\KERNEL32.DLL
0x00007ff8fd0e0000 - 0x00007ff8fd2bd000 	C:\Windows\system32\KERNELBASE.dll
0x00007ff8f5940000 - 0x00007ff8f5958000 	C:\Program Files\Java\jdk-16.0.1\bin\jli.dll
0x00007ff8ff840000 - 0x00007ff8ff8e6000 	C:\Windows\system32\ADVAPI32.dll
0x00007ff8ff180000 - 0x00007ff8ff21d000 	C:\Windows\system32\msvcrt.dll
0x00007ff8ffd10000 - 0x00007ff8ffd6b000 	C:\Windows\system32\sechost.dll
0x00007ff8ff700000 - 0x00007ff8ff826000 	C:\Windows\system32\RPCRT4.dll
0x00007ff8feab0000 - 0x00007ff8febfe000 	C:\Windows\system32\USER32.dll
0x00007ff8ff3a0000 - 0x00007ff8ff523000 	C:\Windows\system32\GDI32.dll
0x00007ff8f51f0000 - 0x00007ff8f5209000 	C:\Program Files\Java\jdk-16.0.1\bin\VCRUNTIME140.dll
0x00007ff8f6070000 - 0x00007ff8f6162000 	C:\Windows\SYSTEM32\ucrtbase.dll
0x00007ff8ee080000 - 0x00007ff8ee2f4000 	C:\Windows\WinSxS\amd64_microsoft.windows.common-controls_6595b64144ccf1df_6.0.10240.17184_none_f41d7a705752bce6\COMCTL32.dll
0x00007ff8f3990000 - 0x00007ff8f399a000 	C:\Windows\SYSTEM32\VERSION.dll
0x00007ff8fec00000 - 0x00007ff8fec36000 	C:\Windows\system32\IMM32.DLL
0x00007ff8ff5a0000 - 0x00007ff8ff6fc000 	C:\Windows\system32\MSCTF.dll
0x00007ff8f5330000 - 0x00007ff8f533c000 	C:\Program Files\Java\jdk-16.0.1\bin\vcruntime140_1.dll
0x00007ff8e13d0000 - 0x00007ff8e1461000 	C:\Program Files\Java\jdk-16.0.1\bin\msvcp140.dll
0x00007ff8e06b0000 - 0x00007ff8e125b000 	C:\Program Files\Java\jdk-16.0.1\bin\server\jvm.dll
0x00007ff8ff830000 - 0x00007ff8ff838000 	C:\Windows\system32\PSAPI.DLL
0x00007ff8f0d90000 - 0x00007ff8f0d99000 	C:\Windows\SYSTEM32\WSOCK32.dll
0x00007ff8ff530000 - 0x00007ff8ff599000 	C:\Windows\system32\WS2_32.dll
0x00007ff8ff8f0000 - 0x00007ff8ff8f8000 	C:\Windows\system32\NSI.dll
0x00007ff8fadc0000 - 0x00007ff8fade3000 	C:\Windows\SYSTEM32\WINMM.dll
0x00007ff8fad60000 - 0x00007ff8fad8c000 	C:\Windows\SYSTEM32\WINMMBASE.dll
0x00007ff8fd090000 - 0x00007ff8fd0d4000 	C:\Windows\system32\cfgmgr32.dll
0x00007ff8fb110000 - 0x00007ff8fb137000 	C:\Windows\SYSTEM32\DEVOBJ.dll
0x00007ff8fc800000 - 0x00007ff8fc80f000 	C:\Windows\system32\kernel.appcore.dll
0x00007ff8f4e40000 - 0x00007ff8f4e4a000 	C:\Program Files\Java\jdk-16.0.1\bin\jimage.dll
0x00007ff8ee520000 - 0x00007ff8ee6aa000 	C:\Windows\SYSTEM32\DBGHELP.DLL
0x00007ff8e0680000 - 0x00007ff8e06a5000 	C:\Windows\SYSTEM32\dbgcore.DLL
0x00007ff8ead80000 - 0x00007ff8eada5000 	C:\Program Files\Java\jdk-16.0.1\bin\java.dll
0x00007ff8fd580000 - 0x00007ff8feaa3000 	C:\Windows\system32\SHELL32.dll
0x00007ff8fc830000 - 0x00007ff8fce59000 	C:\Windows\system32\windows.storage.dll
0x00007ff8feea0000 - 0x00007ff8ff11c000 	C:\Windows\system32\combase.dll
0x00007ff8ff120000 - 0x00007ff8ff171000 	C:\Windows\system32\shlwapi.dll
0x00007ff8fd2c0000 - 0x00007ff8fd373000 	C:\Windows\system32\shcore.dll
0x00007ff8fc790000 - 0x00007ff8fc7da000 	C:\Windows\system32\powrprof.dll
0x00007ff8fc7e0000 - 0x00007ff8fc7f3000 	C:\Windows\system32\profapi.dll
0x00007ff8f4e20000 - 0x00007ff8f4e39000 	C:\Program Files\Java\jdk-16.0.1\bin\net.dll
0x00007ff8fa310000 - 0x00007ff8fa3e6000 	C:\Windows\SYSTEM32\WINHTTP.dll
0x00007ff8fbd60000 - 0x00007ff8fbdbd000 	C:\Windows\system32\mswsock.dll
0x00007ff8f46a0000 - 0x00007ff8f46b3000 	C:\Program Files\Java\jdk-16.0.1\bin\nio.dll
0x00007ff8f45e0000 - 0x00007ff8f45f8000 	C:\Program Files\Java\jdk-16.0.1\bin\zip.dll
0x00007ff8f4690000 - 0x00007ff8f46a0000 	C:\Program Files\Java\jdk-16.0.1\bin\verify.dll
0x00007ff8f6060000 - 0x00007ff8f606a000 	C:\Users\Cristiane\Desktop\NetBeans-12.2\netbeans\java\maven\lib\jansi-native\windows64\jansi.dll

dbghelp: loaded successfully - version: 4.0.5 - missing functions: none
symbol engine: initialized successfully - sym options: 0x614 - pdb path: .;C:\Program Files\Java\jdk-16.0.1\bin;C:\Windows\SYSTEM32;C:\Windows\WinSxS\amd64_microsoft.windows.common-controls_6595b64144ccf1df_6.0.10240.17184_none_f41d7a705752bce6;C:\Program Files\Java\jdk-16.0.1\bin\server;C:\Users\Cristiane\Desktop\NetBeans-12.2\netbeans\java\maven\lib\jansi-native\windows64

VM Arguments:
jvm_args: -Dclassworlds.conf=C:\Users\Cristiane\Desktop\NetBeans-12.2\netbeans\java\maven\bin\..\bin\m2.conf -Dmaven.home=C:\Users\Cristiane\Desktop\NetBeans-12.2\netbeans\java\maven\bin\.. -Dlibrary.jansi.path=C:\Users\Cristiane\Desktop\NetBeans-12.2\netbeans\java\maven\bin\..\lib\jansi-native -Dmaven.multiModuleProjectDirectory=C:\Users\Cristiane\Desktop\exe-main\Project 
java_command: org.codehaus.plexus.classworlds.launcher.Launcher -Dexec.args=-classpath %classpath View.FormLogin -Dexec.executable=C:\Program Files\Java\jdk-16.0.1\bin\java.exe -Dexec.classpathScope=runtime -Dmaven.ext.class.path=C:\Users\Cristiane\Desktop\NetBeans-12.2\netbeans\java\maven-nblib\netbeans-eventspy.jar -Dfile.encoding=UTF-8 org.codehaus.mojo:exec-maven-plugin:3.0.0:exec
java_class_path (initial): C:\Users\Cristiane\Desktop\NetBeans-12.2\netbeans\java\maven\bin\..\boot\plexus-classworlds-2.6.0.jar
Launcher Type: SUN_STANDARD

[Global flags]
     intx CICompilerCount                          = 3                                         {product} {ergonomic}
     uint ConcGCThreads                            = 1                                         {product} {ergonomic}
     uint G1ConcRefinementThreads                  = 4                                         {product} {ergonomic}
   size_t G1HeapRegionSize                         = 1048576                                   {product} {ergonomic}
    uintx GCDrainStackTargetSize                   = 64                                        {product} {ergonomic}
   size_t InitialHeapSize                          = 31457280                                  {product} {ergonomic}
   size_t MarkStackSize                            = 4194304                                   {product} {ergonomic}
   size_t MaxHeapSize                              = 497025024                                 {product} {ergonomic}
   size_t MaxNewSize                               = 297795584                                 {product} {ergonomic}
   size_t MinHeapDeltaBytes                        = 1048576                                   {product} {ergonomic}
   size_t MinHeapSize                              = 8388608                                   {product} {ergonomic}
    uintx NonNMethodCodeHeapSize                   = 5832780                                {pd product} {ergonomic}
    uintx NonProfiledCodeHeapSize                  = 122912730                              {pd product} {ergonomic}
    uintx ProfiledCodeHeapSize                     = 122912730                              {pd product} {ergonomic}
    uintx ReservedCodeCacheSize                    = 251658240                              {pd product} {ergonomic}
     bool SegmentedCodeCache                       = true                                      {product} {ergonomic}
   size_t SoftMaxHeapSize                          = 497025024                              {manageable} {ergonomic}
     bool UseCompressedClassPointers               = true                           {product lp64_product} {ergonomic}
     bool UseCompressedOops                        = true                           {product lp64_product} {ergonomic}
     bool UseG1GC                                  = true                                      {product} {ergonomic}
     bool UseLargePagesIndividualAllocation        = false                                  {pd product} {ergonomic}

Logging:
Log output configuration:
 #0: stdout all=warning uptime,level,tags
 #1: stderr all=off uptime,level,tags

Environment Variables:
JAVA_HOME=C:\Program Files\Java\jdk-16.0.1
PATH=C:\Program Files\Common Files\Oracle\Java\javapath;C:\Program Files (x86)\Common Files\Oracle\Java\javapath;C:\Windows\system32;C:\Windows;C:\Windows\System32\Wbem;C:\Windows\System32\WindowsPowerShell\v1.0\;C:/php;D:\Downloads\Microsoft VS Code\bin
USERNAME=Alexandre
OS=Windows_NT
PROCESSOR_IDENTIFIER=Intel64 Family 6 Model 76 Stepping 3, GenuineIntel



---------------  S Y S T E M  ---------------

OS:
 Windows 10 , 64 bit Build 10240 (10.0.10240.17113)
OS uptime: 0 days 22:26 hours

CPU: total 4 (initial active 4) (4 cores per cpu, 1 threads per core) family 6 model 76 stepping 3 microcode 0x363, cx8, cmov, fxsr, mmx, 3dnowpref, sse, sse2, sse3, ssse3, sse4.1, sse4.2, popcnt, tsc, tscinvbit, aes, erms, clmul, clflush

Memory: 4k page, system-wide physical 1892M (225M free)
TotalPageFile size 3432M (AvailPageFile size 3M)
current process WorkingSet (physical memory assigned to process): 80M, peak: 80M
current process commit charge ("private bytes"): 124M, peak: 124M

vm_info: Java HotSpot(TM) 64-Bit Server VM (16.0.1+9-24) for windows-amd64 JRE (16.0.1+9-24), built on Mar 26 2021 19:31:42 by "mach5one" with MS VC++ 16.7 (VS2019)

END.
