#
# There is insufficient memory for the Java Runtime Environment to continue.
# Native memory allocation (malloc) failed to allocate 131088 bytes for Chunk::new
# Possible reasons:
#   The system is out of physical RAM or swap space
#   The process is running with CompressedOops enabled, and the Java Heap may be blocking the growth of the native heap
# Possible solutions:
#   Reduce memory load on the system
#   Increase physical memory or swap space
#   Check if swap backing store is full
#   Decrease Java heap size (-Xmx/-Xms)
#   Decrease number of Java threads
#   Decrease Java thread stack sizes (-Xss)
#   Set larger code cache with -XX:ReservedCodeCacheSize=
#   JVM is running with Unscaled Compressed Oops mode in which the Java heap is
#     placed in the first 4GB address space. The Java Heap base address is the
#     maximum limit for the native heap growth. Please use -XX:HeapBaseMinAddress
#     to set the Java Heap base and to place the Java Heap above 4GB virtual address.
# This output file may be truncated or incomplete.
#
#  Out of Memory Error (arena.cpp:195), pid=7292, tid=4496
#
# JRE version: Java(TM) SE Runtime Environment (16.0.1+9) (build 16.0.1+9-24)
# Java VM: Java HotSpot(TM) 64-Bit Server VM (16.0.1+9-24, mixed mode, sharing, tiered, compressed oops, compressed class ptrs, g1 gc, windows-amd64)
# No core dump will be written. Minidumps are not enabled by default on client versions of Windows
#

---------------  S U M M A R Y ------------

Command Line: -Dclassworlds.conf=C:\Users\Cristiane\Desktop\NetBeans-12.2\netbeans\java\maven\bin\..\bin\m2.conf -Dmaven.home=C:\Users\Cristiane\Desktop\NetBeans-12.2\netbeans\java\maven\bin\.. -Dlibrary.jansi.path=C:\Users\Cristiane\Desktop\NetBeans-12.2\netbeans\java\maven\bin\..\lib\jansi-native -Dmaven.multiModuleProjectDirectory=C:\Users\Cristiane\Desktop\exe-main\Project org.codehaus.plexus.classworlds.launcher.Launcher -Dexec.args=-classpath %classpath View.FormLogin -Dexec.executable=C:\Program Files\Java\jdk-16.0.1\bin\java.exe -Dexec.classpathScope=runtime -Dmaven.ext.class.path=C:\Users\Cristiane\Desktop\NetBeans-12.2\netbeans\java\maven-nblib\netbeans-eventspy.jar -Dfile.encoding=UTF-8 org.codehaus.mojo:exec-maven-plugin:3.0.0:exec

Host: Intel(R) Atom(TM) x5-Z8300  CPU @ 1.44GHz, 4 cores, 1G,  Windows 10 , 64 bit Build 10240 (10.0.10240.17113)
Time: Sun Nov 14 09:59:43 2021 Hora oficial do Brasil elapsed time: 12.463978 seconds (0d 0h 0m 12s)

---------------  T H R E A D  ---------------

Current thread (0x000000c37f3dd730):  JavaThread "C2 CompilerThread0" daemon [_thread_in_native, id=4496, stack(0x000000c303010000,0x000000c303110000)]


Current CompileTask:
C2:  12464 1810   !   4       java.net.URL::<init> (543 bytes)

Stack: [0x000000c303010000,0x000000c303110000]
Native frames: (J=compiled Java code, j=interpreted, Vv=VM code, C=native code)
V  [jvm.dll+0x6687ca]
V  [jvm.dll+0x7ca3c9]
V  [jvm.dll+0x7cbb53]
V  [jvm.dll+0x7cc1b3]
V  [jvm.dll+0x242ea5]
V  [jvm.dll+0xadeca]
V  [jvm.dll+0xae03d]
V  [jvm.dll+0x647b08]
V  [jvm.dll+0x5808f7]
V  [jvm.dll+0x56b1a0]
V  [jvm.dll+0x56d26f]
V  [jvm.dll+0x56cde9]
V  [jvm.dll+0x56ccd0]
V  [jvm.dll+0x56ccd0]
V  [jvm.dll+0x574bdd]
V  [jvm.dll+0x21eb55]
V  [jvm.dll+0x217e51]
V  [jvm.dll+0x21524c]
V  [jvm.dll+0x1a1d9b]
V  [jvm.dll+0x2253a8]
V  [jvm.dll+0x2233ec]
V  [jvm.dll+0x780002]
V  [jvm.dll+0x779b4a]
V  [jvm.dll+0x667666]
C  [ucrtbase.dll+0x6829d]
C  [KERNEL32.DLL+0x12d92]
C  [ntdll.dll+0x9f64]


---------------  P R O C E S S  ---------------

Threads class SMR info:
_java_thread_list=0x000000c303314f10, length=12, elements={
0x000000c367257a10, 0x000000c367333bc0, 0x000000c367334990, 0x000000c37f3d4f90,
0x000000c37f3d78b0, 0x000000c37f3d81c0, 0x000000c37f3d8ad0, 0x000000c37f3dd730,
0x000000c37f3df490, 0x000000c37f459c00, 0x000000c303334b90, 0x000000c303341970
}

Java Threads: ( => current thread )
  0x000000c367257a10 JavaThread "main" [_thread_in_native, id=7596, stack(0x000000c366940000,0x000000c366a40000)]
  0x000000c367333bc0 JavaThread "Reference Handler" daemon [_thread_blocked, id=6260, stack(0x000000c302900000,0x000000c302a00000)]
  0x000000c367334990 JavaThread "Finalizer" daemon [_thread_blocked, id=5532, stack(0x000000c302a00000,0x000000c302b00000)]
  0x000000c37f3d4f90 JavaThread "Signal Dispatcher" daemon [_thread_blocked, id=3376, stack(0x000000c302c10000,0x000000c302d10000)]
  0x000000c37f3d78b0 JavaThread "Attach Listener" daemon [_thread_blocked, id=5524, stack(0x000000c302d10000,0x000000c302e10000)]
  0x000000c37f3d81c0 JavaThread "Service Thread" daemon [_thread_blocked, id=1036, stack(0x000000c302e10000,0x000000c302f10000)]
  0x000000c37f3d8ad0 JavaThread "Monitor Deflation Thread" daemon [_thread_blocked, id=964, stack(0x000000c302f10000,0x000000c303010000)]
=>0x000000c37f3dd730 JavaThread "C2 CompilerThread0" daemon [_thread_in_native, id=4496, stack(0x000000c303010000,0x000000c303110000)]
  0x000000c37f3df490 JavaThread "C1 CompilerThread0" daemon [_thread_blocked, id=1204, stack(0x000000c303110000,0x000000c303210000)]
  0x000000c37f459c00 JavaThread "Sweeper thread" daemon [_thread_blocked, id=6652, stack(0x000000c303210000,0x000000c303310000)]
  0x000000c303334b90 JavaThread "Notification Thread" daemon [_thread_blocked, id=7904, stack(0x000000c303710000,0x000000c303810000)]
  0x000000c303341970 JavaThread "Common-Cleaner" daemon [_thread_blocked, id=5368, stack(0x000000c303910000,0x000000c303a10000)]

Other Threads:
  0x000000c36732b7f0 VMThread "VM Thread" [stack: 0x000000c302800000,0x000000c302900000] [id=1868]
  0x000000c3033414e0 WatcherThread [stack: 0x000000c303810000,0x000000c303910000] [id=7792]
  0x000000c36727c750 GCTaskThread "GC Thread#0" [stack: 0x000000c37e9b0000,0x000000c37eab0000] [id=900]
  0x000000c303590cd0 GCTaskThread "GC Thread#1" [stack: 0x000000c304320000,0x000000c304420000] [id=4608]
  0x000000c303bcb9d0 GCTaskThread "GC Thread#2" [stack: 0x000000c304420000,0x000000c304520000] [id=4400]
  0x000000c303bcbce0 GCTaskThread "GC Thread#3" [stack: 0x000000c304520000,0x000000c304620000] [id=3788]
  0x000000c3672821f0 ConcurrentGCThread "G1 Main Marker" [stack: 0x000000c37eab0000,0x000000c37ebb0000] [id=1324]
  0x000000c367282b70 ConcurrentGCThread "G1 Conc#0" [stack: 0x000000c37ebb0000,0x000000c37ecb0000] [id=5172]
  0x000000c3672b16c0 ConcurrentGCThread "G1 Refine#0" [stack: 0x000000c37f0f0000,0x000000c37f1f0000] [id=2832]
  0x000000c3672b2050 ConcurrentGCThread "G1 Service" [stack: 0x000000c37f1f0000,0x000000c37f2f0000] [id=2000]

Threads with active compile tasks:
C2 CompilerThread0    12586 1810   !   4       java.net.URL::<init> (543 bytes)

VM state: not at safepoint (normal execution)

VM Mutex/Monitor currently owned by a thread: None

Heap address: 0x00000000e2600000, size: 474 MB, Compressed Oops mode: 32-bit

CDS archive(s) mapped at: [0x0000000800000000-0x0000000800bb0000-0x0000000800bb0000), size 12255232, SharedBaseAddress: 0x0000000800000000, ArchiveRelocationMode: 0.
Compressed class space mapped at: 0x0000000800c00000-0x0000000840c00000, reserved size: 1073741824
Narrow klass base: 0x0000000800000000, Narrow klass shift: 3, Narrow klass range: 0x100000000

GC Precious Log:
 CPUs: 4 total, 4 available
 Memory: 1892M
 Large Page Support: Disabled
 NUMA Support: Disabled
 Compressed Oops: Enabled (32-bit)
 Heap Region Size: 1M
 Heap Min Capacity: 8M
 Heap Initial Capacity: 30M
 Heap Max Capacity: 474M
 Pre-touch: Disabled
 Parallel Workers: 4
 Concurrent Workers: 1
 Concurrent Refinement Workers: 4
 Periodic GC: Disabled

Heap:
 garbage-first heap   total 30720K, used 14251K [0x00000000e2600000, 0x0000000100000000)
  region size 1024K, 12 young (12288K), 2 survivors (2048K)
 Metaspace       used 10680K, committed 10880K, reserved 1064960K
  class space    used 1266K, committed 1344K, reserved 1048576K

Heap Regions: E=young(eden), S=young(survivor), O=old, HS=humongous(starts), HC=humongous(continues), CS=collection set, F=free, OA=open archive, CA=closed archive, TAMS=top-at-mark-start (previous, next)
|   0|0x00000000e2600000, 0x00000000e2700000, 0x00000000e2700000|100%| O|  |TAMS 0x00000000e2600000, 0x00000000e2600000| Untracked 
|   1|0x00000000e2700000, 0x00000000e2800000, 0x00000000e2800000|100%| O|  |TAMS 0x00000000e2700000, 0x00000000e2700000| Untracked 
|   2|0x00000000e2800000, 0x00000000e2900000, 0x00000000e2900000|100%| O|  |TAMS 0x00000000e2800000, 0x00000000e2800000| Untracked 
|   3|0x00000000e2900000, 0x00000000e2918600, 0x00000000e2a00000|  9%| O|  |TAMS 0x00000000e2900000, 0x00000000e2900000| Untracked 
|   4|0x00000000e2a00000, 0x00000000e2a00000, 0x00000000e2b00000|  0%| F|  |TAMS 0x00000000e2a00000, 0x00000000e2a00000| Untracked 
|   5|0x00000000e2b00000, 0x00000000e2b00000, 0x00000000e2c00000|  0%| F|  |TAMS 0x00000000e2b00000, 0x00000000e2b00000| Untracked 
|   6|0x00000000e2c00000, 0x00000000e2c00000, 0x00000000e2d00000|  0%| F|  |TAMS 0x00000000e2c00000, 0x00000000e2c00000| Untracked 
|   7|0x00000000e2d00000, 0x00000000e2d00000, 0x00000000e2e00000|  0%| F|  |TAMS 0x00000000e2d00000, 0x00000000e2d00000| Untracked 
|   8|0x00000000e2e00000, 0x00000000e2e00000, 0x00000000e2f00000|  0%| F|  |TAMS 0x00000000e2e00000, 0x00000000e2e00000| Untracked 
|   9|0x00000000e2f00000, 0x00000000e2f00000, 0x00000000e3000000|  0%| F|  |TAMS 0x00000000e2f00000, 0x00000000e2f00000| Untracked 
|  10|0x00000000e3000000, 0x00000000e3000000, 0x00000000e3100000|  0%| F|  |TAMS 0x00000000e3000000, 0x00000000e3000000| Untracked 
|  11|0x00000000e3100000, 0x00000000e3100000, 0x00000000e3200000|  0%| F|  |TAMS 0x00000000e3100000, 0x00000000e3100000| Untracked 
|  12|0x00000000e3200000, 0x00000000e3200000, 0x00000000e3300000|  0%| F|  |TAMS 0x00000000e3200000, 0x00000000e3200000| Untracked 
|  13|0x00000000e3300000, 0x00000000e33d28c0, 0x00000000e3400000| 82%| S|CS|TAMS 0x00000000e3300000, 0x00000000e3300000| Complete 
|  14|0x00000000e3400000, 0x00000000e3500000, 0x00000000e3500000|100%| S|CS|TAMS 0x00000000e3400000, 0x00000000e3400000| Complete 
|  15|0x00000000e3500000, 0x00000000e3500000, 0x00000000e3600000|  0%| F|  |TAMS 0x00000000e3500000, 0x00000000e3500000| Untracked 
|  16|0x00000000e3600000, 0x00000000e3600000, 0x00000000e3700000|  0%| F|  |TAMS 0x00000000e3600000, 0x00000000e3600000| Untracked 
|  17|0x00000000e3700000, 0x00000000e3700000, 0x00000000e3800000|  0%| F|  |TAMS 0x00000000e3700000, 0x00000000e3700000| Untracked 
|  18|0x00000000e3800000, 0x00000000e3800000, 0x00000000e3900000|  0%| F|  |TAMS 0x00000000e3800000, 0x00000000e3800000| Untracked 
|  19|0x00000000e3900000, 0x00000000e3900000, 0x00000000e3a00000|  0%| F|  |TAMS 0x00000000e3900000, 0x00000000e3900000| Untracked 
|  20|0x00000000e3a00000, 0x00000000e3a98858, 0x00000000e3b00000| 59%| E|  |TAMS 0x00000000e3a00000, 0x00000000e3a00000| Complete 
|  21|0x00000000e3b00000, 0x00000000e3c00000, 0x00000000e3c00000|100%| E|CS|TAMS 0x00000000e3b00000, 0x00000000e3b00000| Complete 
|  22|0x00000000e3c00000, 0x00000000e3d00000, 0x00000000e3d00000|100%| E|CS|TAMS 0x00000000e3c00000, 0x00000000e3c00000| Complete 
|  23|0x00000000e3d00000, 0x00000000e3e00000, 0x00000000e3e00000|100%| E|CS|TAMS 0x00000000e3d00000, 0x00000000e3d00000| Complete 
|  24|0x00000000e3e00000, 0x00000000e3f00000, 0x00000000e3f00000|100%| E|CS|TAMS 0x00000000e3e00000, 0x00000000e3e00000| Complete 
|  25|0x00000000e3f00000, 0x00000000e4000000, 0x00000000e4000000|100%| E|CS|TAMS 0x00000000e3f00000, 0x00000000e3f00000| Complete 
|  26|0x00000000e4000000, 0x00000000e4100000, 0x00000000e4100000|100%| E|CS|TAMS 0x00000000e4000000, 0x00000000e4000000| Complete 
|  27|0x00000000e4100000, 0x00000000e4200000, 0x00000000e4200000|100%| E|CS|TAMS 0x00000000e4100000, 0x00000000e4100000| Complete 
|  28|0x00000000e4200000, 0x00000000e4300000, 0x00000000e4300000|100%| E|CS|TAMS 0x00000000e4200000, 0x00000000e4200000| Complete 
|  29|0x00000000e4300000, 0x00000000e4400000, 0x00000000e4400000|100%| E|CS|TAMS 0x00000000e4300000, 0x00000000e4300000| Complete 

Card table byte_map: [0x000000c367150000,0x000000c367240000] _byte_map_base: 0x000000c366a3d000

Marking Bits (Prev, Next): (CMBitMap*) 0x000000c36727dce0, (CMBitMap*) 0x000000c36727dd20
 Prev Bits: [0x000000c37dad0000, 0x000000c37e238000)
 Next Bits: [0x000000c37e240000, 0x000000c37e9a8000)

Polling page: 0x000000c365180000

Metaspace:

Usage:
  Non-class:      9.22 MB used.
      Class:      1.24 MB used.
       Both:     10.46 MB used.

Virtual space:
  Non-class space:       16.00 MB reserved,       9.31 MB ( 58%) committed,  2 nodes.
      Class space:        1.00 GB reserved,       1.31 MB ( <1%) committed,  1 nodes.
              Both:        1.02 GB reserved,      10.63 MB (  1%) committed. 

Chunk freelists:
   Non-Class:  1.27 MB
       Class:  2.69 MB
        Both:  3.95 MB

MaxMetaspaceSize: 17179869184.00 GB
CompressedClassSpaceSize: 1.00 GB
 - commit_granule_bytes: 65536.
 - commit_granule_words: 8192.
 - virtual_space_node_default_size: 1048576.
 - enlarge_chunks_in_place: 1.
 - new_chunks_are_fully_committed: 0.
 - uncommit_free_chunks: 1.
 - use_allocation_guard: 0.
 - handle_deallocations: 1.


Internal statistics:

num_allocs_failed_limit: 0.
num_arena_births: 58.
num_arena_deaths: 0.
num_vsnodes_births: 3.
num_vsnodes_deaths: 0.
num_space_committed: 170.
num_space_uncommitted: 0.
num_chunks_returned_to_freelist: 0.
num_chunks_taken_from_freelist: 420.
num_chunk_merges: 0.
num_chunk_splits: 304.
num_chunks_enlarged: 233.
num_purges: 0.

CodeHeap 'non-profiled nmethods': size=120000Kb used=637Kb max_used=637Kb free=119362Kb
 bounds [0x000000c3764b0000, 0x000000c376720000, 0x000000c37d9e0000]
CodeHeap 'profiled nmethods': size=120000Kb used=4018Kb max_used=4018Kb free=115981Kb
 bounds [0x000000c36ef80000, 0x000000c36f370000, 0x000000c3764b0000]
CodeHeap 'non-nmethods': size=5760Kb used=1170Kb max_used=1183Kb free=4589Kb
 bounds [0x000000c36e9e0000, 0x000000c36ec50000, 0x000000c36ef80000]
 total_blobs=2481 nmethods=2020 adapters=374
 compilation: enabled
              stopped_count=0, restarted_count=0
 full_count=0

Compilation events (20 events):
Event: 12.433 Thread 0x000000c37f3df490 1954       3       com.google.inject.internal.InternalFactoryToInitializableAdapter::get (23 bytes)
Event: 12.433 Thread 0x000000c37f3df490 nmethod 1954 0x000000c36f33fa90 code [0x000000c36f33fc60, 0x000000c36f340038]
Event: 12.433 Thread 0x000000c37f3df490 1955   !   3       com.google.inject.internal.ProviderInternalFactory::circularGet (124 bytes)
Event: 12.436 Thread 0x000000c37f3df490 nmethod 1955 0x000000c36f340190 code [0x000000c36f340400, 0x000000c36f340f18]
Event: 12.436 Thread 0x000000c37f3df490 1957   !   3       com.google.inject.internal.InternalFactoryToProviderAdapter::get (49 bytes)
Event: 12.437 Thread 0x000000c37f3df490 nmethod 1957 0x000000c36f341390 code [0x000000c36f341560, 0x000000c36f341938]
Event: 12.437 Thread 0x000000c37f3df490 1958   !   3       com.google.inject.internal.SingletonScope$1::get (425 bytes)
Event: 12.447 Thread 0x000000c37f3df490 nmethod 1958 0x000000c36f341b90 code [0x000000c36f342140, 0x000000c36f345458]
Event: 12.447 Thread 0x000000c37f3df490 1963       3       java.util.IdentityHashMap::get (60 bytes)
Event: 12.448 Thread 0x000000c37f3df490 nmethod 1963 0x000000c36f346b10 code [0x000000c36f346d00, 0x000000c36f347188]
Event: 12.448 Thread 0x000000c37f3df490 1961       3       org.eclipse.sisu.inject.LocatedBeans$Itr::hasNext (161 bytes)
Event: 12.451 Thread 0x000000c37f3df490 nmethod 1961 0x000000c36f347390 code [0x000000c36f347620, 0x000000c36f3482c8]
Event: 12.451 Thread 0x000000c37f3df490 1960       3       com.google.inject.Key$AnnotationInstanceStrategy::getAnnotationType (10 bytes)
Event: 12.451 Thread 0x000000c37f3df490 nmethod 1960 0x000000c36f348710 code [0x000000c36f3488c0, 0x000000c36f348aa8]
Event: 12.451 Thread 0x000000c37f3df490 1962       3       com.google.inject.internal.ProvisionListenerStackCallback$Provision::getBinding (8 bytes)
Event: 12.452 Thread 0x000000c37f3df490 nmethod 1962 0x000000c36f348b90 code [0x000000c36f348d20, 0x000000c36f348e58]
Event: 12.452 Thread 0x000000c37f3df490 1959       3       com.google.inject.internal.SingletonScope::access$100 (4 bytes)
Event: 12.452 Thread 0x000000c37f3df490 nmethod 1959 0x000000c36f348f10 code [0x000000c36f3490a0, 0x000000c36f349198]
Event: 12.452 Thread 0x000000c37f3df490 1956       3       com.google.inject.internal.ProviderInternalFactory$1::<init> (26 bytes)
Event: 12.453 Thread 0x000000c37f3df490 nmethod 1956 0x000000c36f349210 code [0x000000c36f3493c0, 0x000000c36f349698]

GC Heap History (8 events):
Event: 7.965 GC heap before
{Heap before GC invocations=0 (full 0):
 garbage-first heap   total 30720K, used 12288K [0x00000000e2600000, 0x0000000100000000)
  region size 1024K, 13 young (13312K), 0 survivors (0K)
 Metaspace       used 3505K, committed 3712K, reserved 1056768K
  class space    used 345K, committed 448K, reserved 1048576K
}
Event: 7.981 GC heap after
{Heap after GC invocations=1 (full 0):
 garbage-first heap   total 30720K, used 3133K [0x00000000e2600000, 0x0000000100000000)
  region size 1024K, 2 young (2048K), 2 survivors (2048K)
 Metaspace       used 3505K, committed 3712K, reserved 1056768K
  class space    used 345K, committed 448K, reserved 1048576K
}
Event: 8.908 GC heap before
{Heap before GC invocations=1 (full 0):
 garbage-first heap   total 30720K, used 14397K [0x00000000e2600000, 0x0000000100000000)
  region size 1024K, 13 young (13312K), 2 survivors (2048K)
 Metaspace       used 4979K, committed 5120K, reserved 1056768K
  class space    used 559K, committed 640K, reserved 1048576K
}
Event: 8.921 GC heap after
{Heap after GC invocations=2 (full 0):
 garbage-first heap   total 30720K, used 3816K [0x00000000e2600000, 0x0000000100000000)
  region size 1024K, 1 young (1024K), 1 survivors (1024K)
 Metaspace       used 4979K, committed 5120K, reserved 1056768K
  class space    used 559K, committed 640K, reserved 1048576K
}
Event: 10.029 GC heap before
{Heap before GC invocations=2 (full 0):
 garbage-first heap   total 30720K, used 16104K [0x00000000e2600000, 0x0000000100000000)
  region size 1024K, 13 young (13312K), 1 survivors (1024K)
 Metaspace       used 6262K, committed 6400K, reserved 1056768K
  class space    used 708K, committed 768K, reserved 1048576K
}
Event: 10.035 GC heap after
{Heap after GC invocations=3 (full 0):
 garbage-first heap   total 30720K, used 4060K [0x00000000e2600000, 0x0000000100000000)
  region size 1024K, 1 young (1024K), 1 survivors (1024K)
 Metaspace       used 6262K, committed 6400K, reserved 1056768K
  class space    used 708K, committed 768K, reserved 1048576K
}
Event: 11.417 GC heap before
{Heap before GC invocations=3 (full 0):
 garbage-first heap   total 30720K, used 18396K [0x00000000e2600000, 0x0000000100000000)
  region size 1024K, 15 young (15360K), 1 survivors (1024K)
 Metaspace       used 8958K, committed 9152K, reserved 1064960K
  class space    used 1058K, committed 1152K, reserved 1048576K
}
Event: 11.429 GC heap after
{Heap after GC invocations=4 (full 0):
 garbage-first heap   total 30720K, used 5035K [0x00000000e2600000, 0x0000000100000000)
  region size 1024K, 2 young (2048K), 2 survivors (2048K)
 Metaspace       used 8958K, committed 9152K, reserved 1064960K
  class space    used 1058K, committed 1152K, reserved 1048576K
}

Deoptimization events (20 events):
Event: 9.390 Thread 0x000000c367257a10 DEOPT PACKING pc=0x000000c376509eb0 sp=0x000000c366a3d630
Event: 9.390 Thread 0x000000c367257a10 DEOPT UNPACKING pc=0x000000c36ea2d728 sp=0x000000c366a3d5b8 mode 2
Event: 9.391 Thread 0x000000c367257a10 Uncommon trap: trap_request=0xffffffde fr.pc=0x000000c376509eb0 relative=0x0000000000000110
Event: 9.391 Thread 0x000000c367257a10 Uncommon trap: reason=class_check action=maybe_recompile pc=0x000000c376509eb0 method=jdk.internal.misc.Unsafe.allocateUninitializedArray(Ljava/lang/Class;I)Ljava/lang/Object; @ 51 c2
Event: 9.391 Thread 0x000000c367257a10 DEOPT PACKING pc=0x000000c376509eb0 sp=0x000000c366a3d320
Event: 9.391 Thread 0x000000c367257a10 DEOPT UNPACKING pc=0x000000c36ea2d728 sp=0x000000c366a3d2a8 mode 2
Event: 9.634 Thread 0x000000c367257a10 Uncommon trap: trap_request=0xffffff45 fr.pc=0x000000c37651148c relative=0x000000000000044c
Event: 9.635 Thread 0x000000c367257a10 Uncommon trap: reason=unstable_if action=reinterpret pc=0x000000c37651148c method=java.lang.String.<init>([CIILjava/lang/Void;)V @ 5 c2
Event: 9.635 Thread 0x000000c367257a10 DEOPT PACKING pc=0x000000c37651148c sp=0x000000c366a3da90
Event: 9.635 Thread 0x000000c367257a10 DEOPT UNPACKING pc=0x000000c36ea2d728 sp=0x000000c366a3d928 mode 2
Event: 9.667 Thread 0x000000c367257a10 DEOPT PACKING pc=0x000000c36f0016e8 sp=0x000000c366a3cf30
Event: 9.667 Thread 0x000000c367257a10 DEOPT UNPACKING pc=0x000000c36ea2deaf sp=0x000000c366a3c390 mode 0
Event: 9.787 Thread 0x000000c367257a10 Uncommon trap: trap_request=0xffffff45 fr.pc=0x000000c376507c8c relative=0x00000000000002ec
Event: 9.787 Thread 0x000000c367257a10 Uncommon trap: reason=unstable_if action=reinterpret pc=0x000000c376507c8c method=java.lang.String.<init>([CIILjava/lang/Void;)V @ 5 c2
Event: 9.787 Thread 0x000000c367257a10 DEOPT PACKING pc=0x000000c376507c8c sp=0x000000c366a3d9b0
Event: 9.787 Thread 0x000000c367257a10 DEOPT UNPACKING pc=0x000000c36ea2d728 sp=0x000000c366a3d970 mode 2
Event: 12.309 Thread 0x000000c367257a10 Uncommon trap: trap_request=0xffffff45 fr.pc=0x000000c3764cd75c relative=0x00000000000001bc
Event: 12.309 Thread 0x000000c367257a10 Uncommon trap: reason=unstable_if action=reinterpret pc=0x000000c3764cd75c method=java.lang.String.startsWith(Ljava/lang/String;I)Z @ 1 c2
Event: 12.309 Thread 0x000000c367257a10 DEOPT PACKING pc=0x000000c3764cd75c sp=0x000000c366a36f90
Event: 12.309 Thread 0x000000c367257a10 DEOPT UNPACKING pc=0x000000c36ea2d728 sp=0x000000c366a36ef8 mode 2

Classes unloaded (0 events):
No events

Classes redefined (0 events):
No events

Internal exceptions (6 events):
Event: 7.243 Thread 0x000000c367257a10 Exception <a 'java/lang/NoSuchMethodError'{0x00000000e3abc198}: 'void java.lang.invoke.DirectMethodHandle$Holder.invokeSpecial(java.lang.Object, java.lang.Object, java.lang.Object)'> (0x00000000e3abc198) 
thrown [t:\workspace\open\src\hotspot\share\interpreter\linkResolver.cpp, line 790]
Event: 8.333 Thread 0x000000c367257a10 Exception <a 'java/lang/NoSuchMethodError'{0x00000000e4148560}: 'java.lang.Object java.lang.invoke.DirectMethodHandle$Holder.newInvokeSpecial(java.lang.Object, java.lang.Object, java.lang.Object, java.lang.Object, java.lang.Object)'> (0x00000000e4148560) 
thrown [t:\workspace\open\src\hotspot\share\interpreter\linkResolver.cpp, line 790]
Event: 12.036 Thread 0x000000c367257a10 Exception <a 'java/lang/NoClassDefFoundError'{0x00000000e3e986c0}: com/google/inject/servlet/ServletModuleTargetVisitor> (0x00000000e3e986c0) 
thrown [t:\workspace\open\src\hotspot\share\classfile\systemDictionary.cpp, line 245]
Event: 12.037 Thread 0x000000c367257a10 Exception <a 'java/lang/NoClassDefFoundError'{0x00000000e3e9a608}: javax/annotation/Priority> (0x00000000e3e9a608) 
thrown [t:\workspace\open\src\hotspot\share\classfile\systemDictionary.cpp, line 245]
Event: 12.369 Thread 0x000000c367257a10 Exception <a 'java/lang/NoSuchMethodError'{0x00000000e3cfde68}: 'java.lang.Object java.lang.invoke.DirectMethodHandle$Holder.invokeStatic(java.lang.Object)'> (0x00000000e3cfde68) 
thrown [t:\workspace\open\src\hotspot\share\interpreter\linkResolver.cpp, line 790]
Event: 12.381 Thread 0x000000c367257a10 Exception <a 'java/lang/NoSuchMethodError'{0x00000000e3b094d0}: 'java.lang.Object java.lang.invoke.DirectMethodHandle$Holder.invokeStaticInit(java.lang.Object, int, int, int, int)'> (0x00000000e3b094d0) 
thrown [t:\workspace\open\src\hotspot\share\interpreter\linkResolver.cpp, line 790]

Events (20 events):
Event: 12.372 loading class java/security/DrbgParameters$Capability
Event: 12.373 loading class java/security/DrbgParameters$Capability done
Event: 12.373 loading class sun/security/provider/MoreDrbgParameters
Event: 12.373 loading class sun/security/provider/MoreDrbgParameters done
Event: 12.374 loading class java/security/DrbgParameters
Event: 12.374 loading class java/security/DrbgParameters done
Event: 12.374 loading class java/security/DrbgParameters$Instantiation
Event: 12.374 loading class java/security/DrbgParameters$Instantiation done
Event: 12.374 loading class sun/security/provider/HashDrbg
Event: 12.375 loading class sun/security/provider/AbstractHashDrbg
Event: 12.376 loading class sun/security/provider/AbstractDrbg
Event: 12.378 loading class sun/security/provider/AbstractDrbg done
Event: 12.378 loading class sun/security/provider/AbstractHashDrbg done
Event: 12.378 loading class sun/security/provider/HashDrbg done
Event: 12.378 loading class sun/security/provider/EntropySource
Event: 12.379 loading class sun/security/provider/EntropySource done
Event: 12.453 Executing  VM operation: HandshakeAllThreads
Event: 12.453 Executing  VM operation: HandshakeAllThreads done
Event: 12.453 Executing  VM operation: Cleanup
Event: 12.454 Executing  VM operation: Cleanup done


Dynamic libraries:
0x00007ff6d64c0000 - 0x00007ff6d64d0000 	C:\Program Files\Java\jdk-16.0.1\bin\java.exe
0x00007ff8ffd70000 - 0x00007ff8fff32000 	C:\Windows\SYSTEM32\ntdll.dll
0x00007ff8ff220000 - 0x00007ff8ff2cd000 	C:\Windows\system32\KERNEL32.DLL
0x00007ff8fd0e0000 - 0x00007ff8fd2bd000 	C:\Windows\system32\KERNELBASE.dll
0x00007ff8f5940000 - 0x00007ff8f5958000 	C:\Program Files\Java\jdk-16.0.1\bin\jli.dll
0x00007ff8f51f0000 - 0x00007ff8f5209000 	C:\Program Files\Java\jdk-16.0.1\bin\VCRUNTIME140.dll
0x00007ff8f6070000 - 0x00007ff8f6162000 	C:\Windows\SYSTEM32\ucrtbase.dll
0x00007ff8ff840000 - 0x00007ff8ff8e6000 	C:\Windows\system32\ADVAPI32.dll
0x00007ff8ff180000 - 0x00007ff8ff21d000 	C:\Windows\system32\msvcrt.dll
0x00007ff8ffd10000 - 0x00007ff8ffd6b000 	C:\Windows\system32\sechost.dll
0x00007ff8ff700000 - 0x00007ff8ff826000 	C:\Windows\system32\RPCRT4.dll
0x00007ff8feab0000 - 0x00007ff8febfe000 	C:\Windows\system32\USER32.dll
0x00007ff8ff3a0000 - 0x00007ff8ff523000 	C:\Windows\system32\GDI32.dll
0x00007ff8ee080000 - 0x00007ff8ee2f4000 	C:\Windows\WinSxS\amd64_microsoft.windows.common-controls_6595b64144ccf1df_6.0.10240.17184_none_f41d7a705752bce6\COMCTL32.dll
0x00007ff8f3990000 - 0x00007ff8f399a000 	C:\Windows\SYSTEM32\VERSION.dll
0x00007ff8fec00000 - 0x00007ff8fec36000 	C:\Windows\system32\IMM32.DLL
0x00007ff8ff5a0000 - 0x00007ff8ff6fc000 	C:\Windows\system32\MSCTF.dll
0x00007ff8f5330000 - 0x00007ff8f533c000 	C:\Program Files\Java\jdk-16.0.1\bin\vcruntime140_1.dll
0x00007ff8e13d0000 - 0x00007ff8e1461000 	C:\Program Files\Java\jdk-16.0.1\bin\msvcp140.dll
0x00007ff8e06b0000 - 0x00007ff8e125b000 	C:\Program Files\Java\jdk-16.0.1\bin\server\jvm.dll
0x00007ff8ff830000 - 0x00007ff8ff838000 	C:\Windows\system32\PSAPI.DLL
0x00007ff8fadc0000 - 0x00007ff8fade3000 	C:\Windows\SYSTEM32\WINMM.dll
0x00007ff8f0d90000 - 0x00007ff8f0d99000 	C:\Windows\SYSTEM32\WSOCK32.dll
0x000000c365150000 - 0x000000c36517c000 	C:\Windows\SYSTEM32\WINMMBASE.dll
0x00007ff8ff530000 - 0x00007ff8ff599000 	C:\Windows\system32\WS2_32.dll
0x00007ff8ff8f0000 - 0x00007ff8ff8f8000 	C:\Windows\system32\NSI.dll
0x00007ff8fd090000 - 0x00007ff8fd0d4000 	C:\Windows\system32\cfgmgr32.dll
0x00007ff8fb110000 - 0x00007ff8fb137000 	C:\Windows\SYSTEM32\DEVOBJ.dll
0x00007ff8fc800000 - 0x00007ff8fc80f000 	C:\Windows\system32\kernel.appcore.dll
0x00007ff8f4e40000 - 0x00007ff8f4e4a000 	C:\Program Files\Java\jdk-16.0.1\bin\jimage.dll
0x00007ff8ee520000 - 0x00007ff8ee6aa000 	C:\Windows\SYSTEM32\DBGHELP.DLL
0x00007ff8e0680000 - 0x00007ff8e06a5000 	C:\Windows\SYSTEM32\dbgcore.DLL
0x00007ff8ead80000 - 0x00007ff8eada5000 	C:\Program Files\Java\jdk-16.0.1\bin\java.dll
0x00007ff8fd580000 - 0x00007ff8feaa3000 	C:\Windows\system32\SHELL32.dll
0x00007ff8fc830000 - 0x00007ff8fce59000 	C:\Windows\system32\windows.storage.dll
0x00007ff8feea0000 - 0x00007ff8ff11c000 	C:\Windows\system32\combase.dll
0x00007ff8ff120000 - 0x00007ff8ff171000 	C:\Windows\system32\shlwapi.dll
0x00007ff8fd2c0000 - 0x00007ff8fd373000 	C:\Windows\system32\shcore.dll
0x00007ff8fc790000 - 0x00007ff8fc7da000 	C:\Windows\system32\powrprof.dll
0x00007ff8fc7e0000 - 0x00007ff8fc7f3000 	C:\Windows\system32\profapi.dll
0x00007ff8f4e20000 - 0x00007ff8f4e39000 	C:\Program Files\Java\jdk-16.0.1\bin\net.dll
0x00007ff8fa310000 - 0x00007ff8fa3e6000 	C:\Windows\SYSTEM32\WINHTTP.dll
0x00007ff8fbd60000 - 0x00007ff8fbdbd000 	C:\Windows\system32\mswsock.dll
0x00007ff8f46a0000 - 0x00007ff8f46b3000 	C:\Program Files\Java\jdk-16.0.1\bin\nio.dll
0x00007ff8f45e0000 - 0x00007ff8f45f8000 	C:\Program Files\Java\jdk-16.0.1\bin\zip.dll
0x00007ff8f4690000 - 0x00007ff8f46a0000 	C:\Program Files\Java\jdk-16.0.1\bin\verify.dll
0x00007ff8f4e60000 - 0x00007ff8f4e6a000 	C:\Users\Cristiane\Desktop\NetBeans-12.2\netbeans\java\maven\lib\jansi-native\windows64\jansi.dll

dbghelp: loaded successfully - version: 4.0.5 - missing functions: none
symbol engine: initialized successfully - sym options: 0x614 - pdb path: .;C:\Program Files\Java\jdk-16.0.1\bin;C:\Windows\SYSTEM32;C:\Windows\WinSxS\amd64_microsoft.windows.common-controls_6595b64144ccf1df_6.0.10240.17184_none_f41d7a705752bce6;C:\Program Files\Java\jdk-16.0.1\bin\server;C:\Users\Cristiane\Desktop\NetBeans-12.2\netbeans\java\maven\lib\jansi-native\windows64

VM Arguments:
jvm_args: -Dclassworlds.conf=C:\Users\Cristiane\Desktop\NetBeans-12.2\netbeans\java\maven\bin\..\bin\m2.conf -Dmaven.home=C:\Users\Cristiane\Desktop\NetBeans-12.2\netbeans\java\maven\bin\.. -Dlibrary.jansi.path=C:\Users\Cristiane\Desktop\NetBeans-12.2\netbeans\java\maven\bin\..\lib\jansi-native -Dmaven.multiModuleProjectDirectory=C:\Users\Cristiane\Desktop\exe-main\Project 
java_command: org.codehaus.plexus.classworlds.launcher.Launcher -Dexec.args=-classpath %classpath View.FormLogin -Dexec.executable=C:\Program Files\Java\jdk-16.0.1\bin\java.exe -Dexec.classpathScope=runtime -Dmaven.ext.class.path=C:\Users\Cristiane\Desktop\NetBeans-12.2\netbeans\java\maven-nblib\netbeans-eventspy.jar -Dfile.encoding=UTF-8 org.codehaus.mojo:exec-maven-plugin:3.0.0:exec
java_class_path (initial): C:\Users\Cristiane\Desktop\NetBeans-12.2\netbeans\java\maven\bin\..\boot\plexus-classworlds-2.6.0.jar
Launcher Type: SUN_STANDARD

[Global flags]
     intx CICompilerCount                          = 3                                         {product} {ergonomic}
     uint ConcGCThreads                            = 1                                         {product} {ergonomic}
     uint G1ConcRefinementThreads                  = 4                                         {product} {ergonomic}
   size_t G1HeapRegionSize                         = 1048576                                   {product} {ergonomic}
    uintx GCDrainStackTargetSize                   = 64                                        {product} {ergonomic}
   size_t InitialHeapSize                          = 31457280                                  {product} {ergonomic}
   size_t MarkStackSize                            = 4194304                                   {product} {ergonomic}
   size_t MaxHeapSize                              = 497025024                                 {product} {ergonomic}
   size_t MaxNewSize                               = 297795584                                 {product} {ergonomic}
   size_t MinHeapDeltaBytes                        = 1048576                                   {product} {ergonomic}
   size_t MinHeapSize                              = 8388608                                   {product} {ergonomic}
    uintx NonNMethodCodeHeapSize                   = 5832780                                {pd product} {ergonomic}
    uintx NonProfiledCodeHeapSize                  = 122912730                              {pd product} {ergonomic}
    uintx ProfiledCodeHeapSize                     = 122912730                              {pd product} {ergonomic}
    uintx ReservedCodeCacheSize                    = 251658240                              {pd product} {ergonomic}
     bool SegmentedCodeCache                       = true                                      {product} {ergonomic}
   size_t SoftMaxHeapSize                          = 497025024                              {manageable} {ergonomic}
     bool UseCompressedClassPointers               = true                           {product lp64_product} {ergonomic}
     bool UseCompressedOops                        = true                           {product lp64_product} {ergonomic}
     bool UseG1GC                                  = true                                      {product} {ergonomic}
     bool UseLargePagesIndividualAllocation        = false                                  {pd product} {ergonomic}

Logging:
Log output configuration:
 #0: stdout all=warning uptime,level,tags
 #1: stderr all=off uptime,level,tags

Environment Variables:
JAVA_HOME=C:\Program Files\Java\jdk-16.0.1
PATH=C:\Program Files\Common Files\Oracle\Java\javapath;C:\Program Files (x86)\Common Files\Oracle\Java\javapath;C:\Windows\system32;C:\Windows;C:\Windows\System32\Wbem;C:\Windows\System32\WindowsPowerShell\v1.0\;C:/php;D:\Downloads\Microsoft VS Code\bin
USERNAME=Alexandre
OS=Windows_NT
PROCESSOR_IDENTIFIER=Intel64 Family 6 Model 76 Stepping 3, GenuineIntel



---------------  S Y S T E M  ---------------

OS:
 Windows 10 , 64 bit Build 10240 (10.0.10240.17113)
OS uptime: 0 days 20:17 hours

CPU: total 4 (initial active 4) (4 cores per cpu, 1 threads per core) family 6 model 76 stepping 3 microcode 0x363, cx8, cmov, fxsr, mmx, 3dnowpref, sse, sse2, sse3, ssse3, sse4.1, sse4.2, popcnt, tsc, tscinvbit, aes, erms, clmul, clflush

Memory: 4k page, system-wide physical 1892M (253M free)
TotalPageFile size 3423M (AvailPageFile size 0M)
current process WorkingSet (physical memory assigned to process): 78M, peak: 78M
current process commit charge ("private bytes"): 125M, peak: 125M

vm_info: Java HotSpot(TM) 64-Bit Server VM (16.0.1+9-24) for windows-amd64 JRE (16.0.1+9-24), built on Mar 26 2021 19:31:42 by "mach5one" with MS VC++ 16.7 (VS2019)

END.
