#
# There is insufficient memory for the Java Runtime Environment to continue.
# Native memory allocation (malloc) failed to allocate 480016 bytes for Chunk::new
# Possible reasons:
#   The system is out of physical RAM or swap space
#   The process is running with CompressedOops enabled, and the Java Heap may be blocking the growth of the native heap
# Possible solutions:
#   Reduce memory load on the system
#   Increase physical memory or swap space
#   Check if swap backing store is full
#   Decrease Java heap size (-Xmx/-Xms)
#   Decrease number of Java threads
#   Decrease Java thread stack sizes (-Xss)
#   Set larger code cache with -XX:ReservedCodeCacheSize=
#   JVM is running with Unscaled Compressed Oops mode in which the Java heap is
#     placed in the first 4GB address space. The Java Heap base address is the
#     maximum limit for the native heap growth. Please use -XX:HeapBaseMinAddress
#     to set the Java Heap base and to place the Java Heap above 4GB virtual address.
# This output file may be truncated or incomplete.
#
#  Out of Memory Error (arena.cpp:195), pid=4068, tid=7700
#
# JRE version: Java(TM) SE Runtime Environment (16.0.1+9) (build 16.0.1+9-24)
# Java VM: Java HotSpot(TM) 64-Bit Server VM (16.0.1+9-24, mixed mode, sharing, tiered, compressed oops, compressed class ptrs, g1 gc, windows-amd64)
# No core dump will be written. Minidumps are not enabled by default on client versions of Windows
#

---------------  S U M M A R Y ------------

Command Line: -Dclassworlds.conf=C:\Users\Cristiane\Desktop\NetBeans-12.2\netbeans\java\maven\bin\..\bin\m2.conf -Dmaven.home=C:\Users\Cristiane\Desktop\NetBeans-12.2\netbeans\java\maven\bin\.. -Dlibrary.jansi.path=C:\Users\Cristiane\Desktop\NetBeans-12.2\netbeans\java\maven\bin\..\lib\jansi-native -Dmaven.multiModuleProjectDirectory=C:\Users\Cristiane\Desktop\exe-main\Project org.codehaus.plexus.classworlds.launcher.Launcher -Dexec.args=-classpath %classpath View.FormLogin -Dexec.executable=C:\Program Files\Java\jdk-16.0.1\bin\java.exe -Dexec.classpathScope=runtime -Dmaven.ext.class.path=C:\Users\Cristiane\Desktop\NetBeans-12.2\netbeans\java\maven-nblib\netbeans-eventspy.jar -Dfile.encoding=UTF-8 org.codehaus.mojo:exec-maven-plugin:3.0.0:exec

Host: Intel(R) Atom(TM) x5-Z8300  CPU @ 1.44GHz, 4 cores, 1G,  Windows 10 , 64 bit Build 10240 (10.0.10240.17113)
Time: Sun Nov 14 13:03:59 2021 Hora oficial do Brasil elapsed time: 9.681316 seconds (0d 0h 0m 9s)

---------------  T H R E A D  ---------------

Current thread (0x000000d67c39cac0):  JavaThread "C2 CompilerThread0" daemon [_thread_in_native, id=7700, stack(0x000000d67d500000,0x000000d67d600000)]


Current CompileTask:
C2:   9681 2713       4       org.apache.maven.model.ConfigurationContainer::setLocation (156 bytes)

Stack: [0x000000d67d500000,0x000000d67d600000]
Native frames: (J=compiled Java code, j=interpreted, Vv=VM code, C=native code)
V  [jvm.dll+0x6687ca]
V  [jvm.dll+0x7ca3c9]
V  [jvm.dll+0x7cbb53]
V  [jvm.dll+0x7cc1b3]
V  [jvm.dll+0x242ea5]
V  [jvm.dll+0xadeca]
V  [jvm.dll+0xae5ac]
V  [jvm.dll+0x35aed2]
V  [jvm.dll+0x3253d1]
V  [jvm.dll+0x32487a]
V  [jvm.dll+0x215f3c]
V  [jvm.dll+0x215350]
V  [jvm.dll+0x1a1d9b]
V  [jvm.dll+0x2253a8]
V  [jvm.dll+0x2233ec]
V  [jvm.dll+0x780002]
V  [jvm.dll+0x779b4a]
V  [jvm.dll+0x667666]
C  [ucrtbase.dll+0x6829d]
C  [KERNEL32.DLL+0x12d92]
C  [ntdll.dll+0x9f64]


---------------  P R O C E S S  ---------------

Threads class SMR info:
_java_thread_list=0x000000d67d80dee0, length=12, elements={
0x000000d678898e90, 0x000000d678973ea0, 0x000000d678975830, 0x000000d67c394bb0,
0x000000d67c3974d0, 0x000000d67c3989a0, 0x000000d67c39b2c0, 0x000000d67c39cac0,
0x000000d67c3a8f20, 0x000000d67c3c9fd0, 0x000000d67d82c550, 0x000000d67d82d170
}

Java Threads: ( => current thread )
  0x000000d678898e90 JavaThread "main" [_thread_in_native_trans, id=5956, stack(0x000000d677f80000,0x000000d678080000)]
  0x000000d678973ea0 JavaThread "Reference Handler" daemon [_thread_blocked, id=7480, stack(0x000000d67c5b0000,0x000000d67c6b0000)]
  0x000000d678975830 JavaThread "Finalizer" daemon [_thread_blocked, id=4672, stack(0x000000d67c6b0000,0x000000d67c7b0000)]
  0x000000d67c394bb0 JavaThread "Signal Dispatcher" daemon [_thread_blocked, id=4492, stack(0x000000d67d100000,0x000000d67d200000)]
  0x000000d67c3974d0 JavaThread "Attach Listener" daemon [_thread_blocked, id=2180, stack(0x000000d67d200000,0x000000d67d300000)]
  0x000000d67c3989a0 JavaThread "Service Thread" daemon [_thread_blocked, id=5836, stack(0x000000d67d300000,0x000000d67d400000)]
  0x000000d67c39b2c0 JavaThread "Monitor Deflation Thread" daemon [_thread_blocked, id=6392, stack(0x000000d67d400000,0x000000d67d500000)]
=>0x000000d67c39cac0 JavaThread "C2 CompilerThread0" daemon [_thread_in_native, id=7700, stack(0x000000d67d500000,0x000000d67d600000)]
  0x000000d67c3a8f20 JavaThread "C1 CompilerThread0" daemon [_thread_blocked, id=3444, stack(0x000000d67d600000,0x000000d67d700000)]
  0x000000d67c3c9fd0 JavaThread "Sweeper thread" daemon [_thread_blocked, id=4148, stack(0x000000d67d700000,0x000000d67d800000)]
  0x000000d67d82c550 JavaThread "Notification Thread" daemon [_thread_blocked, id=3452, stack(0x000000d67dc00000,0x000000d67dd00000)]
  0x000000d67d82d170 JavaThread "Common-Cleaner" daemon [_thread_blocked, id=232, stack(0x000000d67de00000,0x000000d67df00000)]

Other Threads:
  0x000000d67896b6b0 VMThread "VM Thread" [stack: 0x000000d67c4b0000,0x000000d67c5b0000] [id=6024]
  0x000000d67d82ce80 WatcherThread [stack: 0x000000d67dd00000,0x000000d67de00000] [id=8120]
  0x000000d6788bfab0 GCTaskThread "GC Thread#0" [stack: 0x000000d679950000,0x000000d679a50000] [id=8104]
  0x000000d67e4c46d0 GCTaskThread "GC Thread#1" [stack: 0x000000d67e800000,0x000000d67e900000] [id=1912]
  0x000000d67e3c9430 GCTaskThread "GC Thread#2" [stack: 0x000000d67e900000,0x000000d67ea00000] [id=7568]
  0x000000d67e017450 GCTaskThread "GC Thread#3" [stack: 0x000000d67ea00000,0x000000d67eb00000] [id=1424]
  0x000000d6788c5650 ConcurrentGCThread "G1 Main Marker" [stack: 0x000000d679a50000,0x000000d679b50000] [id=6028]
  0x000000d6788c7ba0 ConcurrentGCThread "G1 Conc#0" [stack: 0x000000d679b50000,0x000000d679c50000] [id=3048]
  0x000000d6788f2aa0 ConcurrentGCThread "G1 Refine#0" [stack: 0x000000d67c0b0000,0x000000d67c1b0000] [id=4012]
  0x000000d67e017f70 ConcurrentGCThread "G1 Refine#1" [stack: 0x000000d67eb00000,0x000000d67ec00000] [id=6512]
  0x000000d6788f3430 ConcurrentGCThread "G1 Service" [stack: 0x000000d67c1b0000,0x000000d67c2b0000] [id=2000]

Threads with active compile tasks:
C2 CompilerThread0     9791 2713       4       org.apache.maven.model.ConfigurationContainer::setLocation (156 bytes)

VM state: not at safepoint (normal execution)

VM Mutex/Monitor currently owned by a thread: None

Heap address: 0x00000000e2600000, size: 474 MB, Compressed Oops mode: 32-bit

CDS archive(s) mapped at: [0x0000000800000000-0x0000000800bb0000-0x0000000800bb0000), size 12255232, SharedBaseAddress: 0x0000000800000000, ArchiveRelocationMode: 0.
Compressed class space mapped at: 0x0000000800c00000-0x0000000840c00000, reserved size: 1073741824
Narrow klass base: 0x0000000800000000, Narrow klass shift: 3, Narrow klass range: 0x100000000

GC Precious Log:
 CPUs: 4 total, 4 available
 Memory: 1892M
 Large Page Support: Disabled
 NUMA Support: Disabled
 Compressed Oops: Enabled (32-bit)
 Heap Region Size: 1M
 Heap Min Capacity: 8M
 Heap Initial Capacity: 30M
 Heap Max Capacity: 474M
 Pre-touch: Disabled
 Parallel Workers: 4
 Concurrent Workers: 1
 Concurrent Refinement Workers: 4
 Periodic GC: Disabled

Heap:
 garbage-first heap   total 30720K, used 14283K [0x00000000e2600000, 0x0000000100000000)
  region size 1024K, 11 young (11264K), 3 survivors (3072K)
 Metaspace       used 13002K, committed 13184K, reserved 1064960K
  class space    used 1466K, committed 1536K, reserved 1048576K

Heap Regions: E=young(eden), S=young(survivor), O=old, HS=humongous(starts), HC=humongous(continues), CS=collection set, F=free, OA=open archive, CA=closed archive, TAMS=top-at-mark-start (previous, next)
|   0|0x00000000e2600000, 0x00000000e2700000, 0x00000000e2700000|100%| O|  |TAMS 0x00000000e2600000, 0x00000000e2600000| Untracked 
|   1|0x00000000e2700000, 0x00000000e2800000, 0x00000000e2800000|100%| O|  |TAMS 0x00000000e2700000, 0x00000000e2700000| Untracked 
|   2|0x00000000e2800000, 0x00000000e2900000, 0x00000000e2900000|100%| O|  |TAMS 0x00000000e2800000, 0x00000000e2800000| Untracked 
|   3|0x00000000e2900000, 0x00000000e2a00000, 0x00000000e2a00000|100%| O|  |TAMS 0x00000000e2900000, 0x00000000e2900000| Untracked 
|   4|0x00000000e2a00000, 0x00000000e2ab9c00, 0x00000000e2b00000| 72%| O|  |TAMS 0x00000000e2a00000, 0x00000000e2a00000| Untracked 
|   5|0x00000000e2b00000, 0x00000000e2b00000, 0x00000000e2c00000|  0%| F|  |TAMS 0x00000000e2b00000, 0x00000000e2b00000| Untracked 
|   6|0x00000000e2c00000, 0x00000000e2c00000, 0x00000000e2d00000|  0%| F|  |TAMS 0x00000000e2c00000, 0x00000000e2c00000| Untracked 
|   7|0x00000000e2d00000, 0x00000000e2d00000, 0x00000000e2e00000|  0%| F|  |TAMS 0x00000000e2d00000, 0x00000000e2d00000| Untracked 
|   8|0x00000000e2e00000, 0x00000000e2e00000, 0x00000000e2f00000|  0%| F|  |TAMS 0x00000000e2e00000, 0x00000000e2e00000| Untracked 
|   9|0x00000000e2f00000, 0x00000000e2f00000, 0x00000000e3000000|  0%| F|  |TAMS 0x00000000e2f00000, 0x00000000e2f00000| Untracked 
|  10|0x00000000e3000000, 0x00000000e3000000, 0x00000000e3100000|  0%| F|  |TAMS 0x00000000e3000000, 0x00000000e3000000| Untracked 
|  11|0x00000000e3100000, 0x00000000e3100000, 0x00000000e3200000|  0%| F|  |TAMS 0x00000000e3100000, 0x00000000e3100000| Untracked 
|  12|0x00000000e3200000, 0x00000000e3200000, 0x00000000e3300000|  0%| F|  |TAMS 0x00000000e3200000, 0x00000000e3200000| Untracked 
|  13|0x00000000e3300000, 0x00000000e33393e8, 0x00000000e3400000| 22%| S|CS|TAMS 0x00000000e3300000, 0x00000000e3300000| Complete 
|  14|0x00000000e3400000, 0x00000000e3500000, 0x00000000e3500000|100%| S|CS|TAMS 0x00000000e3400000, 0x00000000e3400000| Complete 
|  15|0x00000000e3500000, 0x00000000e3600000, 0x00000000e3600000|100%| S|CS|TAMS 0x00000000e3500000, 0x00000000e3500000| Complete 
|  16|0x00000000e3600000, 0x00000000e3600000, 0x00000000e3700000|  0%| F|  |TAMS 0x00000000e3600000, 0x00000000e3600000| Untracked 
|  17|0x00000000e3700000, 0x00000000e3700000, 0x00000000e3800000|  0%| F|  |TAMS 0x00000000e3700000, 0x00000000e3700000| Untracked 
|  18|0x00000000e3800000, 0x00000000e3800000, 0x00000000e3900000|  0%| F|  |TAMS 0x00000000e3800000, 0x00000000e3800000| Untracked 
|  19|0x00000000e3900000, 0x00000000e3900000, 0x00000000e3a00000|  0%| F|  |TAMS 0x00000000e3900000, 0x00000000e3900000| Untracked 
|  20|0x00000000e3a00000, 0x00000000e3a00000, 0x00000000e3b00000|  0%| F|  |TAMS 0x00000000e3a00000, 0x00000000e3a00000| Untracked 
|  21|0x00000000e3b00000, 0x00000000e3b00000, 0x00000000e3c00000|  0%| F|  |TAMS 0x00000000e3b00000, 0x00000000e3b00000| Untracked 
|  22|0x00000000e3c00000, 0x00000000e3c97fa0, 0x00000000e3d00000| 59%| E|  |TAMS 0x00000000e3c00000, 0x00000000e3c00000| Complete 
|  23|0x00000000e3d00000, 0x00000000e3e00000, 0x00000000e3e00000|100%| E|CS|TAMS 0x00000000e3d00000, 0x00000000e3d00000| Complete 
|  24|0x00000000e3e00000, 0x00000000e3f00000, 0x00000000e3f00000|100%| E|CS|TAMS 0x00000000e3e00000, 0x00000000e3e00000| Complete 
|  25|0x00000000e3f00000, 0x00000000e4000000, 0x00000000e4000000|100%| E|CS|TAMS 0x00000000e3f00000, 0x00000000e3f00000| Complete 
|  26|0x00000000e4000000, 0x00000000e4100000, 0x00000000e4100000|100%| E|CS|TAMS 0x00000000e4000000, 0x00000000e4000000| Complete 
|  27|0x00000000e4100000, 0x00000000e4200000, 0x00000000e4200000|100%| E|CS|TAMS 0x00000000e4100000, 0x00000000e4100000| Complete 
|  28|0x00000000e4200000, 0x00000000e4300000, 0x00000000e4300000|100%| E|CS|TAMS 0x00000000e4200000, 0x00000000e4200000| Complete 
|  29|0x00000000e4300000, 0x00000000e4400000, 0x00000000e4400000|100%| E|CS|TAMS 0x00000000e4300000, 0x00000000e4300000| Complete 

Card table byte_map: [0x000000d678790000,0x000000d678880000] _byte_map_base: 0x000000d67807d000

Marking Bits (Prev, Next): (CMBitMap*) 0x000000d6788c10c0, (CMBitMap*) 0x000000d6788c1100
 Prev Bits: [0x000000d678a70000, 0x000000d6791d8000)
 Next Bits: [0x000000d6791e0000, 0x000000d679948000)

Polling page: 0x000000d6767c0000

Metaspace:

Usage:
  Non-class:     11.27 MB used.
      Class:      1.43 MB used.
       Both:     12.70 MB used.

Virtual space:
  Non-class space:       16.00 MB reserved,      11.38 MB ( 71%) committed,  2 nodes.
      Class space:        1.00 GB reserved,       1.50 MB ( <1%) committed,  1 nodes.
              Both:        1.02 GB reserved,      12.88 MB (  1%) committed. 

Chunk freelists:
   Non-Class:  3.53 MB
       Class:  2.51 MB
        Both:  6.04 MB

MaxMetaspaceSize: 17179869184.00 GB
CompressedClassSpaceSize: 1.00 GB
 - commit_granule_bytes: 65536.
 - commit_granule_words: 8192.
 - virtual_space_node_default_size: 1048576.
 - enlarge_chunks_in_place: 1.
 - new_chunks_are_fully_committed: 0.
 - uncommit_free_chunks: 1.
 - use_allocation_guard: 0.
 - handle_deallocations: 1.


Internal statistics:

num_allocs_failed_limit: 0.
num_arena_births: 66.
num_arena_deaths: 0.
num_vsnodes_births: 3.
num_vsnodes_deaths: 0.
num_space_committed: 206.
num_space_uncommitted: 0.
num_chunks_returned_to_freelist: 0.
num_chunks_taken_from_freelist: 504.
num_chunk_merges: 0.
num_chunk_splits: 366.
num_chunks_enlarged: 291.
num_purges: 0.

CodeHeap 'non-profiled nmethods': size=120000Kb used=1003Kb max_used=1003Kb free=118996Kb
 bounds [0x000000d60f170000, 0x000000d60f3e0000, 0x000000d6166a0000]
CodeHeap 'profiled nmethods': size=120000Kb used=5594Kb max_used=5594Kb free=114406Kb
 bounds [0x000000d607c40000, 0x000000d6081c0000, 0x000000d60f170000]
CodeHeap 'non-nmethods': size=5760Kb used=1198Kb max_used=1231Kb free=4561Kb
 bounds [0x000000d6076a0000, 0x000000d607910000, 0x000000d607c40000]
 total_blobs=3286 nmethods=2796 adapters=403
 compilation: enabled
              stopped_count=0, restarted_count=0
 full_count=0

Compilation events (20 events):
Event: 9.647 Thread 0x000000d67c3a8f20 2780   !   3       java.util.AbstractMap::equals (145 bytes)
Event: 9.649 Thread 0x000000d67c3a8f20 nmethod 2780 0x000000d6081a3f10 code [0x000000d6081a41e0, 0x000000d6081a53b8]
Event: 9.649 Thread 0x000000d67c3a8f20 2782       3       java.util.Collections$UnmodifiableMap::equals (24 bytes)
Event: 9.650 Thread 0x000000d67c3a8f20 nmethod 2782 0x000000d6081a5910 code [0x000000d6081a5ac0, 0x000000d6081a5d28]
Event: 9.650 Thread 0x000000d67c3a8f20 2778       1       org.eclipse.aether.util.version.GenericVersion::toString (5 bytes)
Event: 9.650 Thread 0x000000d67c3a8f20 nmethod 2778 0x000000d60f268a90 code [0x000000d60f268c20, 0x000000d60f268cf8]
Event: 9.650 Thread 0x000000d67c3a8f20 2777       1       org.eclipse.aether.resolution.ArtifactDescriptorResult::getRepositories (5 bytes)
Event: 9.650 Thread 0x000000d67c3a8f20 nmethod 2777 0x000000d60f268d90 code [0x000000d60f268f20, 0x000000d60f268ff8]
Event: 9.650 Thread 0x000000d67c3a8f20 2781       1       java.util.Collections$EmptySet::size (2 bytes)
Event: 9.651 Thread 0x000000d67c3a8f20 nmethod 2781 0x000000d60f269090 code [0x000000d60f269220, 0x000000d60f2692f8]
Event: 9.655 Thread 0x000000d67c3a8f20 2783       3       java.io.Reader::<init> (27 bytes)
Event: 9.656 Thread 0x000000d67c3a8f20 nmethod 2783 0x000000d6081a5e10 code [0x000000d6081a5fc0, 0x000000d6081a62c8]
Event: 9.656 Thread 0x000000d67c3a8f20 2784       3       java.io.BufferedInputStream::getInIfOpen (21 bytes)
Event: 9.656 Thread 0x000000d67c3a8f20 nmethod 2784 0x000000d6081a6410 code [0x000000d6081a65c0, 0x000000d6081a67e8]
Event: 9.657 Thread 0x000000d67c3a8f20 2785       1       java.lang.StringLatin1$CharsSpliterator::characteristics (5 bytes)
Event: 9.657 Thread 0x000000d67c3a8f20 nmethod 2785 0x000000d60f269390 code [0x000000d60f269520, 0x000000d60f2695f8]
Event: 9.668 Thread 0x000000d67c3a8f20 2786       3       java.lang.Character::getType (9 bytes)
Event: 9.669 Thread 0x000000d67c3a8f20 nmethod 2786 0x000000d6081a6890 code [0x000000d6081a6a40, 0x000000d6081a6c38]
Event: 9.669 Thread 0x000000d67c3a8f20 2787       3       org.eclipse.aether.artifact.AbstractArtifact::setVersion (40 bytes)
Event: 9.670 Thread 0x000000d67c3a8f20 nmethod 2787 0x000000d6081a6d10 code [0x000000d6081a6f20, 0x000000d6081a74e8]

GC Heap History (12 events):
Event: 2.520 GC heap before
{Heap before GC invocations=0 (full 0):
 garbage-first heap   total 30720K, used 12288K [0x00000000e2600000, 0x0000000100000000)
  region size 1024K, 13 young (13312K), 0 survivors (0K)
 Metaspace       used 3418K, committed 3584K, reserved 1056768K
  class space    used 340K, committed 448K, reserved 1048576K
}
Event: 2.538 GC heap after
{Heap after GC invocations=1 (full 0):
 garbage-first heap   total 30720K, used 3270K [0x00000000e2600000, 0x0000000100000000)
  region size 1024K, 2 young (2048K), 2 survivors (2048K)
 Metaspace       used 3418K, committed 3584K, reserved 1056768K
  class space    used 340K, committed 448K, reserved 1048576K
}
Event: 3.317 GC heap before
{Heap before GC invocations=1 (full 0):
 garbage-first heap   total 30720K, used 14534K [0x00000000e2600000, 0x0000000100000000)
  region size 1024K, 13 young (13312K), 2 survivors (2048K)
 Metaspace       used 4978K, committed 5120K, reserved 1056768K
  class space    used 558K, committed 640K, reserved 1048576K
}
Event: 3.329 GC heap after
{Heap after GC invocations=2 (full 0):
 garbage-first heap   total 30720K, used 3831K [0x00000000e2600000, 0x0000000100000000)
  region size 1024K, 1 young (1024K), 1 survivors (1024K)
 Metaspace       used 4978K, committed 5120K, reserved 1056768K
  class space    used 558K, committed 640K, reserved 1048576K
}
Event: 4.204 GC heap before
{Heap before GC invocations=2 (full 0):
 garbage-first heap   total 30720K, used 15095K [0x00000000e2600000, 0x0000000100000000)
  region size 1024K, 13 young (13312K), 1 survivors (1024K)
 Metaspace       used 6221K, committed 6336K, reserved 1056768K
  class space    used 704K, committed 768K, reserved 1048576K
}
Event: 4.211 GC heap after
{Heap after GC invocations=3 (full 0):
 garbage-first heap   total 30720K, used 4092K [0x00000000e2600000, 0x0000000100000000)
  region size 1024K, 1 young (1024K), 1 survivors (1024K)
 Metaspace       used 6221K, committed 6336K, reserved 1056768K
  class space    used 704K, committed 768K, reserved 1048576K
}
Event: 5.425 GC heap before
{Heap before GC invocations=3 (full 0):
 garbage-first heap   total 30720K, used 18428K [0x00000000e2600000, 0x0000000100000000)
  region size 1024K, 15 young (15360K), 1 survivors (1024K)
 Metaspace       used 8910K, committed 9088K, reserved 1064960K
  class space    used 1051K, committed 1152K, reserved 1048576K
}
Event: 5.438 GC heap after
{Heap after GC invocations=4 (full 0):
 garbage-first heap   total 30720K, used 4975K [0x00000000e2600000, 0x0000000100000000)
  region size 1024K, 2 young (2048K), 2 survivors (2048K)
 Metaspace       used 8910K, committed 9088K, reserved 1064960K
  class space    used 1051K, committed 1152K, reserved 1048576K
}
Event: 7.177 GC heap before
{Heap before GC invocations=4 (full 0):
 garbage-first heap   total 30720K, used 19311K [0x00000000e2600000, 0x0000000100000000)
  region size 1024K, 17 young (17408K), 2 survivors (2048K)
 Metaspace       used 11860K, committed 12032K, reserved 1064960K
  class space    used 1387K, committed 1472K, reserved 1048576K
}
Event: 7.199 GC heap after
{Heap after GC invocations=5 (full 0):
 garbage-first heap   total 30720K, used 6175K [0x00000000e2600000, 0x0000000100000000)
  region size 1024K, 3 young (3072K), 3 survivors (3072K)
 Metaspace       used 11860K, committed 12032K, reserved 1064960K
  class space    used 1387K, committed 1472K, reserved 1048576K
}
Event: 9.228 GC heap before
{Heap before GC invocations=5 (full 0):
 garbage-first heap   total 30720K, used 20511K [0x00000000e2600000, 0x0000000100000000)
  region size 1024K, 17 young (17408K), 3 survivors (3072K)
 Metaspace       used 12911K, committed 13056K, reserved 1064960K
  class space    used 1466K, committed 1536K, reserved 1048576K
}
Event: 9.249 GC heap after
{Heap after GC invocations=6 (full 0):
 garbage-first heap   total 30720K, used 7115K [0x00000000e2600000, 0x0000000100000000)
  region size 1024K, 3 young (3072K), 3 survivors (3072K)
 Metaspace       used 12911K, committed 13056K, reserved 1064960K
  class space    used 1466K, committed 1536K, reserved 1048576K
}

Deoptimization events (20 events):
Event: 9.501 Thread 0x000000d678898e90 Uncommon trap: trap_request=0xffffffde fr.pc=0x000000d60f23d1cc relative=0x000000000000164c
Event: 9.501 Thread 0x000000d678898e90 Uncommon trap: reason=class_check action=maybe_recompile pc=0x000000d60f23d1cc method=java.nio.charset.CharsetDecoder.decode(Ljava/nio/ByteBuffer;Ljava/nio/CharBuffer;Z)Ljava/nio/charset/CoderResult; @ 57 c2
Event: 9.501 Thread 0x000000d678898e90 DEOPT PACKING pc=0x000000d60f23d1cc sp=0x000000d67807ca40
Event: 9.501 Thread 0x000000d678898e90 DEOPT UNPACKING pc=0x000000d6076ed728 sp=0x000000d67807c910 mode 2
Event: 9.509 Thread 0x000000d678898e90 Uncommon trap: trap_request=0xffffff45 fr.pc=0x000000d60f258ce4 relative=0x00000000000000a4
Event: 9.509 Thread 0x000000d678898e90 Uncommon trap: reason=unstable_if action=reinterpret pc=0x000000d60f258ce4 method=org.apache.maven.model.io.xpp3.MavenXpp3Reader.nextTag(Lorg/codehaus/plexus/util/xml/pull/XmlPullParser;)I @ 9 c2
Event: 9.509 Thread 0x000000d678898e90 DEOPT PACKING pc=0x000000d60f258ce4 sp=0x000000d67807cc70
Event: 9.509 Thread 0x000000d678898e90 DEOPT UNPACKING pc=0x000000d6076ed728 sp=0x000000d67807cc00 mode 2
Event: 9.579 Thread 0x000000d678898e90 Uncommon trap: trap_request=0xffffff45 fr.pc=0x000000d60f2636e4 relative=0x0000000000000a04
Event: 9.579 Thread 0x000000d678898e90 Uncommon trap: reason=unstable_if action=reinterpret pc=0x000000d60f2636e4 method=java.lang.StringUTF16.compress([CII)[B @ 13 c2
Event: 9.579 Thread 0x000000d678898e90 DEOPT PACKING pc=0x000000d60f2636e4 sp=0x000000d67807cc90
Event: 9.579 Thread 0x000000d678898e90 DEOPT UNPACKING pc=0x000000d6076ed728 sp=0x000000d67807caf8 mode 2
Event: 9.579 Thread 0x000000d678898e90 Uncommon trap: trap_request=0xffffff45 fr.pc=0x000000d60f255354 relative=0x0000000000000494
Event: 9.579 Thread 0x000000d678898e90 Uncommon trap: reason=unstable_if action=reinterpret pc=0x000000d60f255354 method=java.lang.String.trim()Ljava/lang/String; @ 4 c2
Event: 9.579 Thread 0x000000d678898e90 DEOPT PACKING pc=0x000000d60f255354 sp=0x000000d67807cd00
Event: 9.579 Thread 0x000000d678898e90 DEOPT UNPACKING pc=0x000000d6076ed728 sp=0x000000d67807cce0 mode 2
Event: 9.612 Thread 0x000000d678898e90 Uncommon trap: trap_request=0xffffff45 fr.pc=0x000000d60f24ed04 relative=0x0000000000001024
Event: 9.612 Thread 0x000000d678898e90 Uncommon trap: reason=unstable_if action=reinterpret pc=0x000000d60f24ed04 method=java.lang.String.indexOf(Ljava/lang/String;)I @ 10 c2
Event: 9.612 Thread 0x000000d678898e90 DEOPT PACKING pc=0x000000d60f24ed04 sp=0x000000d67807cfc0
Event: 9.612 Thread 0x000000d678898e90 DEOPT UNPACKING pc=0x000000d6076ed728 sp=0x000000d67807cec0 mode 2

Classes unloaded (0 events):
No events

Classes redefined (0 events):
No events

Internal exceptions (9 events):
Event: 2.124 Thread 0x000000d678898e90 Exception <a 'java/lang/NoSuchMethodError'{0x00000000e3abc150}: 'void java.lang.invoke.DirectMethodHandle$Holder.invokeSpecial(java.lang.Object, java.lang.Object, java.lang.Object)'> (0x00000000e3abc150) 
thrown [t:\workspace\open\src\hotspot\share\interpreter\linkResolver.cpp, line 790]
Event: 2.824 Thread 0x000000d678898e90 Exception <a 'java/lang/NoSuchMethodError'{0x00000000e417a478}: 'java.lang.Object java.lang.invoke.DirectMethodHandle$Holder.newInvokeSpecial(java.lang.Object, java.lang.Object, java.lang.Object, java.lang.Object, java.lang.Object)'> (0x00000000e417a478) 
thrown [t:\workspace\open\src\hotspot\share\interpreter\linkResolver.cpp, line 790]
Event: 6.099 Thread 0x000000d678898e90 Exception <a 'java/lang/NoClassDefFoundError'{0x00000000e3ed3d70}: com/google/inject/servlet/ServletModuleTargetVisitor> (0x00000000e3ed3d70) 
thrown [t:\workspace\open\src\hotspot\share\classfile\systemDictionary.cpp, line 245]
Event: 6.100 Thread 0x000000d678898e90 Exception <a 'java/lang/NoClassDefFoundError'{0x00000000e3ed5cb8}: javax/annotation/Priority> (0x00000000e3ed5cb8) 
thrown [t:\workspace\open\src\hotspot\share\classfile\systemDictionary.cpp, line 245]
Event: 6.391 Thread 0x000000d678898e90 Exception <a 'java/lang/NoSuchMethodError'{0x00000000e3b3ac60}: 'java.lang.Object java.lang.invoke.DirectMethodHandle$Holder.invokeStatic(java.lang.Object)'> (0x00000000e3b3ac60) 
thrown [t:\workspace\open\src\hotspot\share\interpreter\linkResolver.cpp, line 790]
Event: 6.402 Thread 0x000000d678898e90 Exception <a 'java/lang/NoSuchMethodError'{0x00000000e3b45d68}: 'java.lang.Object java.lang.invoke.DirectMethodHandle$Holder.invokeStaticInit(java.lang.Object, int, int, int, int)'> (0x00000000e3b45d68) 
thrown [t:\workspace\open\src\hotspot\share\interpreter\linkResolver.cpp, line 790]
Event: 8.184 Thread 0x000000d678898e90 Implicit null exception at 0x000000d60f1eff3b to 0x000000d60f1f0620
Event: 8.185 Thread 0x000000d678898e90 Implicit null exception at 0x000000d60f1ebf0a to 0x000000d60f1ec264
Event: 8.292 Thread 0x000000d678898e90 Implicit null exception at 0x000000d60f1dbe0a to 0x000000d60f1dc148

Events (20 events):
Event: 7.933 loading class sun/nio/ch/FileLockTable
Event: 7.933 loading class sun/nio/ch/FileLockTable done
Event: 7.933 loading class sun/nio/ch/FileKey
Event: 7.933 loading class sun/nio/ch/FileKey done
Event: 7.934 loading class sun/nio/ch/FileLockTable$FileLockReference
Event: 7.934 loading class sun/nio/ch/FileLockTable$FileLockReference done
Event: 7.934 loading class java/nio/channels/spi/AbstractInterruptibleChannel$1
Event: 7.934 loading class sun/nio/ch/Interruptible
Event: 7.934 loading class sun/nio/ch/Interruptible done
Event: 7.934 loading class java/nio/channels/spi/AbstractInterruptibleChannel$1 done
Event: 7.992 loading class java/util/Formatter$FixedString
Event: 7.993 loading class java/util/Formatter$FixedString done
Event: 8.982 Executing  VM operation: ICBufferFull
Event: 8.982 Executing  VM operation: ICBufferFull done
Event: 9.228 Executing  VM operation: G1CollectForAllocation
Event: 9.249 Executing  VM operation: G1CollectForAllocation done
Event: 9.492 loading class sun/nio/cs/ISO_8859_1$Decoder
Event: 9.493 loading class sun/nio/cs/ISO_8859_1$Decoder done
Event: 9.629 Executing  VM operation: ICBufferFull
Event: 9.629 Executing  VM operation: ICBufferFull done


Dynamic libraries:
0x00007ff6f9c10000 - 0x00007ff6f9c20000 	C:\Program Files\Java\jdk-16.0.1\bin\java.exe
0x00007ff8ffd70000 - 0x00007ff8fff32000 	C:\Windows\SYSTEM32\ntdll.dll
0x00007ff8ff220000 - 0x00007ff8ff2cd000 	C:\Windows\system32\KERNEL32.DLL
0x00007ff8fd0e0000 - 0x00007ff8fd2bd000 	C:\Windows\system32\KERNELBASE.dll
0x00007ff8f5eb0000 - 0x00007ff8f5ec9000 	C:\Program Files\Java\jdk-16.0.1\bin\VCRUNTIME140.dll
0x00007ff8f6070000 - 0x00007ff8f6162000 	C:\Windows\SYSTEM32\ucrtbase.dll
0x00007ff8ef750000 - 0x00007ff8ef768000 	C:\Program Files\Java\jdk-16.0.1\bin\jli.dll
0x00007ff8ff840000 - 0x00007ff8ff8e6000 	C:\Windows\system32\ADVAPI32.dll
0x00007ff8ff180000 - 0x00007ff8ff21d000 	C:\Windows\system32\msvcrt.dll
0x00007ff8ffd10000 - 0x00007ff8ffd6b000 	C:\Windows\system32\sechost.dll
0x00007ff8ff700000 - 0x00007ff8ff826000 	C:\Windows\system32\RPCRT4.dll
0x00007ff8feab0000 - 0x00007ff8febfe000 	C:\Windows\system32\USER32.dll
0x00007ff8ff3a0000 - 0x00007ff8ff523000 	C:\Windows\system32\GDI32.dll
0x00007ff8ee080000 - 0x00007ff8ee2f4000 	C:\Windows\WinSxS\amd64_microsoft.windows.common-controls_6595b64144ccf1df_6.0.10240.17184_none_f41d7a705752bce6\COMCTL32.dll
0x00007ff8f3990000 - 0x00007ff8f399a000 	C:\Windows\SYSTEM32\VERSION.dll
0x00007ff8fec00000 - 0x00007ff8fec36000 	C:\Windows\system32\IMM32.DLL
0x00007ff8ff5a0000 - 0x00007ff8ff6fc000 	C:\Windows\system32\MSCTF.dll
0x00007ff8fae50000 - 0x00007ff8fae5c000 	C:\Program Files\Java\jdk-16.0.1\bin\vcruntime140_1.dll
0x00007ff8f47a0000 - 0x00007ff8f4831000 	C:\Program Files\Java\jdk-16.0.1\bin\msvcp140.dll
0x00007ff8e06b0000 - 0x00007ff8e125b000 	C:\Program Files\Java\jdk-16.0.1\bin\server\jvm.dll
0x00007ff8ff830000 - 0x00007ff8ff838000 	C:\Windows\system32\PSAPI.DLL
0x00007ff8f0d90000 - 0x00007ff8f0d99000 	C:\Windows\SYSTEM32\WSOCK32.dll
0x00007ff8fadc0000 - 0x00007ff8fade3000 	C:\Windows\SYSTEM32\WINMM.dll
0x00007ff8ff530000 - 0x00007ff8ff599000 	C:\Windows\system32\WS2_32.dll
0x00007ff8ff8f0000 - 0x00007ff8ff8f8000 	C:\Windows\system32\NSI.dll
0x000000d676790000 - 0x000000d6767bc000 	C:\Windows\SYSTEM32\WINMMBASE.dll
0x00007ff8fd090000 - 0x00007ff8fd0d4000 	C:\Windows\system32\cfgmgr32.dll
0x00007ff8fb110000 - 0x00007ff8fb137000 	C:\Windows\SYSTEM32\DEVOBJ.dll
0x00007ff8fc800000 - 0x00007ff8fc80f000 	C:\Windows\system32\kernel.appcore.dll
0x00007ff8f6270000 - 0x00007ff8f627a000 	C:\Program Files\Java\jdk-16.0.1\bin\jimage.dll
0x00007ff8ee520000 - 0x00007ff8ee6aa000 	C:\Windows\SYSTEM32\DBGHELP.DLL
0x00007ff8e0680000 - 0x00007ff8e06a5000 	C:\Windows\SYSTEM32\dbgcore.DLL
0x00007ff8f4860000 - 0x00007ff8f4885000 	C:\Program Files\Java\jdk-16.0.1\bin\java.dll
0x00007ff8fd580000 - 0x00007ff8feaa3000 	C:\Windows\system32\SHELL32.dll
0x00007ff8fc830000 - 0x00007ff8fce59000 	C:\Windows\system32\windows.storage.dll
0x00007ff8feea0000 - 0x00007ff8ff11c000 	C:\Windows\system32\combase.dll
0x00007ff8ff120000 - 0x00007ff8ff171000 	C:\Windows\system32\shlwapi.dll
0x00007ff8fd2c0000 - 0x00007ff8fd373000 	C:\Windows\system32\shcore.dll
0x00007ff8fc790000 - 0x00007ff8fc7da000 	C:\Windows\system32\powrprof.dll
0x00007ff8fc7e0000 - 0x00007ff8fc7f3000 	C:\Windows\system32\profapi.dll
0x00007ff8f5940000 - 0x00007ff8f5959000 	C:\Program Files\Java\jdk-16.0.1\bin\net.dll
0x00007ff8fa310000 - 0x00007ff8fa3e6000 	C:\Windows\SYSTEM32\WINHTTP.dll
0x00007ff8fbd60000 - 0x00007ff8fbdbd000 	C:\Windows\system32\mswsock.dll
0x00007ff8f51f0000 - 0x00007ff8f5203000 	C:\Program Files\Java\jdk-16.0.1\bin\nio.dll
0x00007ff8f4840000 - 0x00007ff8f4858000 	C:\Program Files\Java\jdk-16.0.1\bin\zip.dll
0x00007ff8f6060000 - 0x00007ff8f6070000 	C:\Program Files\Java\jdk-16.0.1\bin\verify.dll
0x00007ff8ef740000 - 0x00007ff8ef74a000 	C:\Users\Cristiane\Desktop\NetBeans-12.2\netbeans\java\maven\lib\jansi-native\windows64\jansi.dll

dbghelp: loaded successfully - version: 4.0.5 - missing functions: none
symbol engine: initialized successfully - sym options: 0x614 - pdb path: .;C:\Program Files\Java\jdk-16.0.1\bin;C:\Windows\SYSTEM32;C:\Windows\WinSxS\amd64_microsoft.windows.common-controls_6595b64144ccf1df_6.0.10240.17184_none_f41d7a705752bce6;C:\Program Files\Java\jdk-16.0.1\bin\server;C:\Users\Cristiane\Desktop\NetBeans-12.2\netbeans\java\maven\lib\jansi-native\windows64

VM Arguments:
jvm_args: -Dclassworlds.conf=C:\Users\Cristiane\Desktop\NetBeans-12.2\netbeans\java\maven\bin\..\bin\m2.conf -Dmaven.home=C:\Users\Cristiane\Desktop\NetBeans-12.2\netbeans\java\maven\bin\.. -Dlibrary.jansi.path=C:\Users\Cristiane\Desktop\NetBeans-12.2\netbeans\java\maven\bin\..\lib\jansi-native -Dmaven.multiModuleProjectDirectory=C:\Users\Cristiane\Desktop\exe-main\Project 
java_command: org.codehaus.plexus.classworlds.launcher.Launcher -Dexec.args=-classpath %classpath View.FormLogin -Dexec.executable=C:\Program Files\Java\jdk-16.0.1\bin\java.exe -Dexec.classpathScope=runtime -Dmaven.ext.class.path=C:\Users\Cristiane\Desktop\NetBeans-12.2\netbeans\java\maven-nblib\netbeans-eventspy.jar -Dfile.encoding=UTF-8 org.codehaus.mojo:exec-maven-plugin:3.0.0:exec
java_class_path (initial): C:\Users\Cristiane\Desktop\NetBeans-12.2\netbeans\java\maven\bin\..\boot\plexus-classworlds-2.6.0.jar
Launcher Type: SUN_STANDARD

[Global flags]
     intx CICompilerCount                          = 3                                         {product} {ergonomic}
     uint ConcGCThreads                            = 1                                         {product} {ergonomic}
     uint G1ConcRefinementThreads                  = 4                                         {product} {ergonomic}
   size_t G1HeapRegionSize                         = 1048576                                   {product} {ergonomic}
    uintx GCDrainStackTargetSize                   = 64                                        {product} {ergonomic}
   size_t InitialHeapSize                          = 31457280                                  {product} {ergonomic}
   size_t MarkStackSize                            = 4194304                                   {product} {ergonomic}
   size_t MaxHeapSize                              = 497025024                                 {product} {ergonomic}
   size_t MaxNewSize                               = 297795584                                 {product} {ergonomic}
   size_t MinHeapDeltaBytes                        = 1048576                                   {product} {ergonomic}
   size_t MinHeapSize                              = 8388608                                   {product} {ergonomic}
    uintx NonNMethodCodeHeapSize                   = 5832780                                {pd product} {ergonomic}
    uintx NonProfiledCodeHeapSize                  = 122912730                              {pd product} {ergonomic}
    uintx ProfiledCodeHeapSize                     = 122912730                              {pd product} {ergonomic}
    uintx ReservedCodeCacheSize                    = 251658240                              {pd product} {ergonomic}
     bool SegmentedCodeCache                       = true                                      {product} {ergonomic}
   size_t SoftMaxHeapSize                          = 497025024                              {manageable} {ergonomic}
     bool UseCompressedClassPointers               = true                           {product lp64_product} {ergonomic}
     bool UseCompressedOops                        = true                           {product lp64_product} {ergonomic}
     bool UseG1GC                                  = true                                      {product} {ergonomic}
     bool UseLargePagesIndividualAllocation        = false                                  {pd product} {ergonomic}

Logging:
Log output configuration:
 #0: stdout all=warning uptime,level,tags
 #1: stderr all=off uptime,level,tags

Environment Variables:
JAVA_HOME=C:\Program Files\Java\jdk-16.0.1
PATH=C:\Program Files\Common Files\Oracle\Java\javapath;C:\Program Files (x86)\Common Files\Oracle\Java\javapath;C:\Windows\system32;C:\Windows;C:\Windows\System32\Wbem;C:\Windows\System32\WindowsPowerShell\v1.0\;C:/php;D:\Downloads\Microsoft VS Code\bin
USERNAME=Alexandre
OS=Windows_NT
PROCESSOR_IDENTIFIER=Intel64 Family 6 Model 76 Stepping 3, GenuineIntel



---------------  S Y S T E M  ---------------

OS:
 Windows 10 , 64 bit Build 10240 (10.0.10240.17113)
OS uptime: 0 days 23:21 hours

CPU: total 4 (initial active 4) (4 cores per cpu, 1 threads per core) family 6 model 76 stepping 3 microcode 0x363, cx8, cmov, fxsr, mmx, 3dnowpref, sse, sse2, sse3, ssse3, sse4.1, sse4.2, popcnt, tsc, tscinvbit, aes, erms, clmul, clflush

Memory: 4k page, system-wide physical 1892M (127M free)
TotalPageFile size 3435M (AvailPageFile size 0M)
current process WorkingSet (physical memory assigned to process): 94M, peak: 94M
current process commit charge ("private bytes"): 134M, peak: 136M

vm_info: Java HotSpot(TM) 64-Bit Server VM (16.0.1+9-24) for windows-amd64 JRE (16.0.1+9-24), built on Mar 26 2021 19:31:42 by "mach5one" with MS VC++ 16.7 (VS2019)

END.
